c:\users\aleksandr\documents\github\diehard\gsl\1.8\gsl-1.8\vc8\libgslcblas\release-dll\vc120.pdb
c:\users\aleksandr\documents\github\diehard\gsl\1.8\gsl-1.8\vc8\libgslcblas\release-dll\cscal.obj
c:\users\aleksandr\documents\github\diehard\gsl\1.8\gsl-1.8\vc8\libgslcblas\release-dll\chpr2.obj
c:\users\aleksandr\documents\github\diehard\gsl\1.8\gsl-1.8\vc8\libgslcblas\release-dll\chpr.obj
c:\users\aleksandr\documents\github\diehard\gsl\1.8\gsl-1.8\vc8\libgslcblas\release-dll\chpmv.obj
c:\users\aleksandr\documents\github\diehard\gsl\1.8\gsl-1.8\vc8\libgslcblas\release-dll\cherk.obj
c:\users\aleksandr\documents\github\diehard\gsl\1.8\gsl-1.8\vc8\libgslcblas\release-dll\cher2k.obj
c:\users\aleksandr\documents\github\diehard\gsl\1.8\gsl-1.8\vc8\libgslcblas\release-dll\cher2.obj
c:\users\aleksandr\documents\github\diehard\gsl\1.8\gsl-1.8\vc8\libgslcblas\release-dll\cher.obj
c:\users\aleksandr\documents\github\diehard\gsl\1.8\gsl-1.8\vc8\libgslcblas\release-dll\chemv.obj
c:\users\aleksandr\documents\github\diehard\gsl\1.8\gsl-1.8\vc8\libgslcblas\release-dll\chemm.obj
c:\users\aleksandr\documents\github\diehard\gsl\1.8\gsl-1.8\vc8\libgslcblas\release-dll\chbmv.obj
c:\users\aleksandr\documents\github\diehard\gsl\1.8\gsl-1.8\vc8\libgslcblas\release-dll\cgeru.obj
c:\users\aleksandr\documents\github\diehard\gsl\1.8\gsl-1.8\vc8\libgslcblas\release-dll\cgerc.obj
c:\users\aleksandr\documents\github\diehard\gsl\1.8\gsl-1.8\vc8\libgslcblas\release-dll\cgemv.obj
c:\users\aleksandr\documents\github\diehard\gsl\1.8\gsl-1.8\vc8\libgslcblas\release-dll\cgemm.obj
c:\users\aleksandr\documents\github\diehard\gsl\1.8\gsl-1.8\vc8\libgslcblas\release-dll\cgbmv.obj
c:\users\aleksandr\documents\github\diehard\gsl\1.8\gsl-1.8\vc8\libgslcblas\release-dll\cdotu_sub.obj
c:\users\aleksandr\documents\github\diehard\gsl\1.8\gsl-1.8\vc8\libgslcblas\release-dll\cdotc_sub.obj
c:\users\aleksandr\documents\github\diehard\gsl\1.8\gsl-1.8\vc8\libgslcblas\release-dll\ccopy.obj
c:\users\aleksandr\documents\github\diehard\gsl\1.8\gsl-1.8\vc8\libgslcblas\release-dll\caxpy.obj
c:\users\aleksandr\documents\github\diehard\gsl\1.8\gsl-1.8\vc8\libgslcblas\release-dll\dgemv.obj
c:\users\aleksandr\documents\github\diehard\gsl\1.8\gsl-1.8\vc8\libgslcblas\release-dll\dgemm.obj
c:\users\aleksandr\documents\github\diehard\gsl\1.8\gsl-1.8\vc8\libgslcblas\release-dll\dgbmv.obj
c:\users\aleksandr\documents\github\diehard\gsl\1.8\gsl-1.8\vc8\libgslcblas\release-dll\ddot.obj
c:\users\aleksandr\documents\github\diehard\gsl\1.8\gsl-1.8\vc8\libgslcblas\release-dll\dcopy.obj
c:\users\aleksandr\documents\github\diehard\gsl\1.8\gsl-1.8\vc8\libgslcblas\release-dll\daxpy.obj
c:\users\aleksandr\documents\github\diehard\gsl\1.8\gsl-1.8\vc8\libgslcblas\release-dll\dasum.obj
c:\users\aleksandr\documents\github\diehard\gsl\1.8\gsl-1.8\vc8\libgslcblas\release-dll\ctrsv.obj
c:\users\aleksandr\documents\github\diehard\gsl\1.8\gsl-1.8\vc8\libgslcblas\release-dll\ctrsm.obj
c:\users\aleksandr\documents\github\diehard\gsl\1.8\gsl-1.8\vc8\libgslcblas\release-dll\ctrmv.obj
c:\users\aleksandr\documents\github\diehard\gsl\1.8\gsl-1.8\vc8\libgslcblas\release-dll\ctrmm.obj
c:\users\aleksandr\documents\github\diehard\gsl\1.8\gsl-1.8\vc8\libgslcblas\release-dll\ctpsv.obj
c:\users\aleksandr\documents\github\diehard\gsl\1.8\gsl-1.8\vc8\libgslcblas\release-dll\ctpmv.obj
c:\users\aleksandr\documents\github\diehard\gsl\1.8\gsl-1.8\vc8\libgslcblas\release-dll\ctbsv.obj
c:\users\aleksandr\documents\github\diehard\gsl\1.8\gsl-1.8\vc8\libgslcblas\release-dll\ctbmv.obj
c:\users\aleksandr\documents\github\diehard\gsl\1.8\gsl-1.8\vc8\libgslcblas\release-dll\csyrk.obj
c:\users\aleksandr\documents\github\diehard\gsl\1.8\gsl-1.8\vc8\libgslcblas\release-dll\csyr2k.obj
c:\users\aleksandr\documents\github\diehard\gsl\1.8\gsl-1.8\vc8\libgslcblas\release-dll\csymm.obj
c:\users\aleksandr\documents\github\diehard\gsl\1.8\gsl-1.8\vc8\libgslcblas\release-dll\cswap.obj
c:\users\aleksandr\documents\github\diehard\gsl\1.8\gsl-1.8\vc8\libgslcblas\release-dll\csscal.obj
c:\users\aleksandr\documents\github\diehard\gsl\1.8\gsl-1.8\vc8\libgslcblas\release-dll\dtbmv.obj
c:\users\aleksandr\documents\github\diehard\gsl\1.8\gsl-1.8\vc8\libgslcblas\release-dll\dsyrk.obj
c:\users\aleksandr\documents\github\diehard\gsl\1.8\gsl-1.8\vc8\libgslcblas\release-dll\dsyr2k.obj
c:\users\aleksandr\documents\github\diehard\gsl\1.8\gsl-1.8\vc8\libgslcblas\release-dll\dsyr2.obj
c:\users\aleksandr\documents\github\diehard\gsl\1.8\gsl-1.8\vc8\libgslcblas\release-dll\dsyr.obj
c:\users\aleksandr\documents\github\diehard\gsl\1.8\gsl-1.8\vc8\libgslcblas\release-dll\dsymv.obj
c:\users\aleksandr\documents\github\diehard\gsl\1.8\gsl-1.8\vc8\libgslcblas\release-dll\dsymm.obj
c:\users\aleksandr\documents\github\diehard\gsl\1.8\gsl-1.8\vc8\libgslcblas\release-dll\dswap.obj
c:\users\aleksandr\documents\github\diehard\gsl\1.8\gsl-1.8\vc8\libgslcblas\release-dll\dspr2.obj
c:\users\aleksandr\documents\github\diehard\gsl\1.8\gsl-1.8\vc8\libgslcblas\release-dll\dspr.obj
c:\users\aleksandr\documents\github\diehard\gsl\1.8\gsl-1.8\vc8\libgslcblas\release-dll\dspmv.obj
c:\users\aleksandr\documents\github\diehard\gsl\1.8\gsl-1.8\vc8\libgslcblas\release-dll\dsdot.obj
c:\users\aleksandr\documents\github\diehard\gsl\1.8\gsl-1.8\vc8\libgslcblas\release-dll\dscal.obj
c:\users\aleksandr\documents\github\diehard\gsl\1.8\gsl-1.8\vc8\libgslcblas\release-dll\dsbmv.obj
c:\users\aleksandr\documents\github\diehard\gsl\1.8\gsl-1.8\vc8\libgslcblas\release-dll\drotmg.obj
c:\users\aleksandr\documents\github\diehard\gsl\1.8\gsl-1.8\vc8\libgslcblas\release-dll\drotm.obj
c:\users\aleksandr\documents\github\diehard\gsl\1.8\gsl-1.8\vc8\libgslcblas\release-dll\drotg.obj
c:\users\aleksandr\documents\github\diehard\gsl\1.8\gsl-1.8\vc8\libgslcblas\release-dll\drot.obj
c:\users\aleksandr\documents\github\diehard\gsl\1.8\gsl-1.8\vc8\libgslcblas\release-dll\dnrm2.obj
c:\users\aleksandr\documents\github\diehard\gsl\1.8\gsl-1.8\vc8\libgslcblas\release-dll\dger.obj
c:\users\aleksandr\documents\github\diehard\gsl\1.8\gsl-1.8\vc8\libgslcblas\release-dll\sdsdot.obj
c:\users\aleksandr\documents\github\diehard\gsl\1.8\gsl-1.8\vc8\libgslcblas\release-dll\sdot.obj
c:\users\aleksandr\documents\github\diehard\gsl\1.8\gsl-1.8\vc8\libgslcblas\release-dll\scopy.obj
c:\users\aleksandr\documents\github\diehard\gsl\1.8\gsl-1.8\vc8\libgslcblas\release-dll\scnrm2.obj
c:\users\aleksandr\documents\github\diehard\gsl\1.8\gsl-1.8\vc8\libgslcblas\release-dll\scasum.obj
c:\users\aleksandr\documents\github\diehard\gsl\1.8\gsl-1.8\vc8\libgslcblas\release-dll\saxpy.obj
c:\users\aleksandr\documents\github\diehard\gsl\1.8\gsl-1.8\vc8\libgslcblas\release-dll\sasum.obj
c:\users\aleksandr\documents\github\diehard\gsl\1.8\gsl-1.8\vc8\libgslcblas\release-dll\izamax.obj
c:\users\aleksandr\documents\github\diehard\gsl\1.8\gsl-1.8\vc8\libgslcblas\release-dll\isamax.obj
c:\users\aleksandr\documents\github\diehard\gsl\1.8\gsl-1.8\vc8\libgslcblas\release-dll\idamax.obj
c:\users\aleksandr\documents\github\diehard\gsl\1.8\gsl-1.8\vc8\libgslcblas\release-dll\icamax.obj
c:\users\aleksandr\documents\github\diehard\gsl\1.8\gsl-1.8\vc8\libgslcblas\release-dll\dznrm2.obj
c:\users\aleksandr\documents\github\diehard\gsl\1.8\gsl-1.8\vc8\libgslcblas\release-dll\dzasum.obj
c:\users\aleksandr\documents\github\diehard\gsl\1.8\gsl-1.8\vc8\libgslcblas\release-dll\dtrsv.obj
c:\users\aleksandr\documents\github\diehard\gsl\1.8\gsl-1.8\vc8\libgslcblas\release-dll\dtrsm.obj
c:\users\aleksandr\documents\github\diehard\gsl\1.8\gsl-1.8\vc8\libgslcblas\release-dll\dtrmv.obj
c:\users\aleksandr\documents\github\diehard\gsl\1.8\gsl-1.8\vc8\libgslcblas\release-dll\dtrmm.obj
c:\users\aleksandr\documents\github\diehard\gsl\1.8\gsl-1.8\vc8\libgslcblas\release-dll\dtpsv.obj
c:\users\aleksandr\documents\github\diehard\gsl\1.8\gsl-1.8\vc8\libgslcblas\release-dll\dtpmv.obj
c:\users\aleksandr\documents\github\diehard\gsl\1.8\gsl-1.8\vc8\libgslcblas\release-dll\dtbsv.obj
c:\users\aleksandr\documents\github\diehard\gsl\1.8\gsl-1.8\vc8\libgslcblas\release-dll\ssyr2k.obj
c:\users\aleksandr\documents\github\diehard\gsl\1.8\gsl-1.8\vc8\libgslcblas\release-dll\ssyr2.obj
c:\users\aleksandr\documents\github\diehard\gsl\1.8\gsl-1.8\vc8\libgslcblas\release-dll\ssyr.obj
c:\users\aleksandr\documents\github\diehard\gsl\1.8\gsl-1.8\vc8\libgslcblas\release-dll\ssymv.obj
c:\users\aleksandr\documents\github\diehard\gsl\1.8\gsl-1.8\vc8\libgslcblas\release-dll\ssymm.obj
c:\users\aleksandr\documents\github\diehard\gsl\1.8\gsl-1.8\vc8\libgslcblas\release-dll\sswap.obj
c:\users\aleksandr\documents\github\diehard\gsl\1.8\gsl-1.8\vc8\libgslcblas\release-dll\sspr2.obj
c:\users\aleksandr\documents\github\diehard\gsl\1.8\gsl-1.8\vc8\libgslcblas\release-dll\sspr.obj
c:\users\aleksandr\documents\github\diehard\gsl\1.8\gsl-1.8\vc8\libgslcblas\release-dll\sspmv.obj
c:\users\aleksandr\documents\github\diehard\gsl\1.8\gsl-1.8\vc8\libgslcblas\release-dll\sscal.obj
c:\users\aleksandr\documents\github\diehard\gsl\1.8\gsl-1.8\vc8\libgslcblas\release-dll\ssbmv.obj
c:\users\aleksandr\documents\github\diehard\gsl\1.8\gsl-1.8\vc8\libgslcblas\release-dll\srotmg.obj
c:\users\aleksandr\documents\github\diehard\gsl\1.8\gsl-1.8\vc8\libgslcblas\release-dll\srotm.obj
c:\users\aleksandr\documents\github\diehard\gsl\1.8\gsl-1.8\vc8\libgslcblas\release-dll\srotg.obj
c:\users\aleksandr\documents\github\diehard\gsl\1.8\gsl-1.8\vc8\libgslcblas\release-dll\srot.obj
c:\users\aleksandr\documents\github\diehard\gsl\1.8\gsl-1.8\vc8\libgslcblas\release-dll\snrm2.obj
c:\users\aleksandr\documents\github\diehard\gsl\1.8\gsl-1.8\vc8\libgslcblas\release-dll\sger.obj
c:\users\aleksandr\documents\github\diehard\gsl\1.8\gsl-1.8\vc8\libgslcblas\release-dll\sgemv.obj
c:\users\aleksandr\documents\github\diehard\gsl\1.8\gsl-1.8\vc8\libgslcblas\release-dll\sgemm.obj
c:\users\aleksandr\documents\github\diehard\gsl\1.8\gsl-1.8\vc8\libgslcblas\release-dll\sgbmv.obj
c:\users\aleksandr\documents\github\diehard\gsl\1.8\gsl-1.8\vc8\libgslcblas\release-dll\zgeru.obj
c:\users\aleksandr\documents\github\diehard\gsl\1.8\gsl-1.8\vc8\libgslcblas\release-dll\zgerc.obj
c:\users\aleksandr\documents\github\diehard\gsl\1.8\gsl-1.8\vc8\libgslcblas\release-dll\zgemv.obj
c:\users\aleksandr\documents\github\diehard\gsl\1.8\gsl-1.8\vc8\libgslcblas\release-dll\zgemm.obj
c:\users\aleksandr\documents\github\diehard\gsl\1.8\gsl-1.8\vc8\libgslcblas\release-dll\zgbmv.obj
c:\users\aleksandr\documents\github\diehard\gsl\1.8\gsl-1.8\vc8\libgslcblas\release-dll\zdscal.obj
c:\users\aleksandr\documents\github\diehard\gsl\1.8\gsl-1.8\vc8\libgslcblas\release-dll\zdotu_sub.obj
c:\users\aleksandr\documents\github\diehard\gsl\1.8\gsl-1.8\vc8\libgslcblas\release-dll\zdotc_sub.obj
c:\users\aleksandr\documents\github\diehard\gsl\1.8\gsl-1.8\vc8\libgslcblas\release-dll\zcopy.obj
c:\users\aleksandr\documents\github\diehard\gsl\1.8\gsl-1.8\vc8\libgslcblas\release-dll\zaxpy.obj
c:\users\aleksandr\documents\github\diehard\gsl\1.8\gsl-1.8\vc8\libgslcblas\release-dll\xerbla.obj
c:\users\aleksandr\documents\github\diehard\gsl\1.8\gsl-1.8\vc8\libgslcblas\release-dll\strsv.obj
c:\users\aleksandr\documents\github\diehard\gsl\1.8\gsl-1.8\vc8\libgslcblas\release-dll\strsm.obj
c:\users\aleksandr\documents\github\diehard\gsl\1.8\gsl-1.8\vc8\libgslcblas\release-dll\strmv.obj
c:\users\aleksandr\documents\github\diehard\gsl\1.8\gsl-1.8\vc8\libgslcblas\release-dll\strmm.obj
c:\users\aleksandr\documents\github\diehard\gsl\1.8\gsl-1.8\vc8\libgslcblas\release-dll\stpsv.obj
c:\users\aleksandr\documents\github\diehard\gsl\1.8\gsl-1.8\vc8\libgslcblas\release-dll\stpmv.obj
c:\users\aleksandr\documents\github\diehard\gsl\1.8\gsl-1.8\vc8\libgslcblas\release-dll\stbsv.obj
c:\users\aleksandr\documents\github\diehard\gsl\1.8\gsl-1.8\vc8\libgslcblas\release-dll\stbmv.obj
c:\users\aleksandr\documents\github\diehard\gsl\1.8\gsl-1.8\vc8\libgslcblas\release-dll\ssyrk.obj
c:\users\aleksandr\documents\github\diehard\gsl\1.8\gsl-1.8\vc8\libgslcblas\release-dll\ztrmm.obj
c:\users\aleksandr\documents\github\diehard\gsl\1.8\gsl-1.8\vc8\libgslcblas\release-dll\ztpsv.obj
c:\users\aleksandr\documents\github\diehard\gsl\1.8\gsl-1.8\vc8\libgslcblas\release-dll\ztpmv.obj
c:\users\aleksandr\documents\github\diehard\gsl\1.8\gsl-1.8\vc8\libgslcblas\release-dll\ztbsv.obj
c:\users\aleksandr\documents\github\diehard\gsl\1.8\gsl-1.8\vc8\libgslcblas\release-dll\ztbmv.obj
c:\users\aleksandr\documents\github\diehard\gsl\1.8\gsl-1.8\vc8\libgslcblas\release-dll\zsyrk.obj
c:\users\aleksandr\documents\github\diehard\gsl\1.8\gsl-1.8\vc8\libgslcblas\release-dll\zsyr2k.obj
c:\users\aleksandr\documents\github\diehard\gsl\1.8\gsl-1.8\vc8\libgslcblas\release-dll\zsymm.obj
c:\users\aleksandr\documents\github\diehard\gsl\1.8\gsl-1.8\vc8\libgslcblas\release-dll\zswap.obj
c:\users\aleksandr\documents\github\diehard\gsl\1.8\gsl-1.8\vc8\libgslcblas\release-dll\zscal.obj
c:\users\aleksandr\documents\github\diehard\gsl\1.8\gsl-1.8\vc8\libgslcblas\release-dll\zhpr2.obj
c:\users\aleksandr\documents\github\diehard\gsl\1.8\gsl-1.8\vc8\libgslcblas\release-dll\zhpr.obj
c:\users\aleksandr\documents\github\diehard\gsl\1.8\gsl-1.8\vc8\libgslcblas\release-dll\zhpmv.obj
c:\users\aleksandr\documents\github\diehard\gsl\1.8\gsl-1.8\vc8\libgslcblas\release-dll\zherk.obj
c:\users\aleksandr\documents\github\diehard\gsl\1.8\gsl-1.8\vc8\libgslcblas\release-dll\zher2k.obj
c:\users\aleksandr\documents\github\diehard\gsl\1.8\gsl-1.8\vc8\libgslcblas\release-dll\zher2.obj
c:\users\aleksandr\documents\github\diehard\gsl\1.8\gsl-1.8\vc8\libgslcblas\release-dll\zher.obj
c:\users\aleksandr\documents\github\diehard\gsl\1.8\gsl-1.8\vc8\libgslcblas\release-dll\zhemv.obj
c:\users\aleksandr\documents\github\diehard\gsl\1.8\gsl-1.8\vc8\libgslcblas\release-dll\zhemm.obj
c:\users\aleksandr\documents\github\diehard\gsl\1.8\gsl-1.8\vc8\libgslcblas\release-dll\zhbmv.obj
c:\users\aleksandr\documents\github\diehard\gsl\1.8\gsl-1.8\vc8\libgslcblas\release-dll\ztrsv.obj
c:\users\aleksandr\documents\github\diehard\gsl\1.8\gsl-1.8\vc8\libgslcblas\release-dll\ztrsm.obj
c:\users\aleksandr\documents\github\diehard\gsl\1.8\gsl-1.8\vc8\libgslcblas\release-dll\ztrmv.obj
c:\users\aleksandr\documents\github\diehard\gsl\1.8\gsl-1.8\vc8\libgslcblas\release-dll\libgslcblas_dll.lib
c:\users\aleksandr\documents\github\diehard\gsl\1.8\gsl-1.8\vc8\libgslcblas\release-dll\libgslcblas_dll.exp
c:\users\aleksandr\documents\github\diehard\gsl\1.8\gsl-1.8\vc8\libgslcblas\release-dll\libgslcblas.dll
c:\users\aleksandr\documents\github\diehard\gsl\1.8\gsl-1.8\vc8\libgslcblas\release-dll\libgslcblas.tlog\cl.command.1.tlog
c:\users\aleksandr\documents\github\diehard\gsl\1.8\gsl-1.8\vc8\libgslcblas\release-dll\libgslcblas.tlog\cl.read.1.tlog
c:\users\aleksandr\documents\github\diehard\gsl\1.8\gsl-1.8\vc8\libgslcblas\release-dll\libgslcblas.tlog\cl.write.1.tlog
c:\users\aleksandr\documents\github\diehard\gsl\1.8\gsl-1.8\vc8\libgslcblas\release-dll\libgslcblas.tlog\libgslcblas.write.1u.tlog
c:\users\aleksandr\documents\github\diehard\gsl\1.8\gsl-1.8\vc8\libgslcblas\release-dll\libgslcblas.tlog\link.command.1.tlog
c:\users\aleksandr\documents\github\diehard\gsl\1.8\gsl-1.8\vc8\libgslcblas\release-dll\libgslcblas.tlog\link.read.1.tlog
c:\users\aleksandr\documents\github\diehard\gsl\1.8\gsl-1.8\vc8\libgslcblas\release-dll\libgslcblas.tlog\link.write.1.tlog
