Build started 21.03.2015 19:54:47.
     1>Project "C:\Users\Aleksandr\Documents\GitHub\Diehard\gsl\1.8\gsl-1.8\VC8\libgslcblas\libgslcblas.vcxproj" on node 2 (Rebuild target(s)).
     1>PreBuildEvent:
         if not exist .\..\..\config.h goto COPY_CONFIG_H
         
         fc .\..\config.h.msvc .\..\..\config.h
         if NOT ERRORLEVEL 1 goto EXIT_BAT
         
         :COPY_CONFIG_H
         if exist .\..\..\config.h del .\..\..\config.h
         copy .\..\config.h.msvc .\..\..\config.h
         goto EXIT_BAT
         
         :EXIT_BAT
         
         :VCEnd
         Сравнение файлов .\..\config.h.msvc и .\..\..\CONFIG.H
         FC: различия не найдены
         
       ClCompile:
         C:\Program Files (x86)\Microsoft Visual Studio 12.0\VC\bin\CL.exe /c /I.\.. /I.\..\.. /Zi /nologo /W4 /WX- /O2 /Oy- /D WIN32 /D NDEBUG /D _WINDOWS /D _USRDLL /D GSL_DLL /D DLL_EXPORT /D _CRT_SECURE_NO_DEPRECATE /D _VC80_UPGRADE=0x0710 /D _WINDLL /D _MBCS /Gm- /MD /GS /fp:precise /Zc:wchar_t /Zc:forScope /Fo"Release-DLL\\" /Fd"Release-DLL\vc120.pdb" /Gd /TC /analyze- /errorReport:prompt ..\..\cblas\caxpy.c ..\..\cblas\ccopy.c ..\..\cblas\cdotc_sub.c ..\..\cblas\cdotu_sub.c ..\..\cblas\cgbmv.c ..\..\cblas\cgemm.c ..\..\cblas\cgemv.c ..\..\cblas\cgerc.c ..\..\cblas\cgeru.c ..\..\cblas\chbmv.c ..\..\cblas\chemm.c ..\..\cblas\chemv.c ..\..\cblas\cher.c ..\..\cblas\cher2.c ..\..\cblas\cher2k.c ..\..\cblas\cherk.c ..\..\cblas\chpmv.c ..\..\cblas\chpr.c ..\..\cblas\chpr2.c ..\..\cblas\cscal.c ..\..\cblas\csscal.c ..\..\cblas\cswap.c ..\..\cblas\csymm.c ..\..\cblas\csyr2k.c ..\..\cblas\csyrk.c ..\..\cblas\ctbmv.c ..\..\cblas\ctbsv.c ..\..\cblas\ctpmv.c ..\..\cblas\ctpsv.c ..\..\cblas\ctrmm.c ..\..\cblas\ctrmv.c ..\..\cblas\ctrsm.c ..\..\cblas\ctrsv.c ..\..\cblas\dasum.c ..\..\cblas\daxpy.c ..\..\cblas\dcopy.c ..\..\cblas\ddot.c ..\..\cblas\dgbmv.c ..\..\cblas\dgemm.c ..\..\cblas\dgemv.c ..\..\cblas\dger.c ..\..\cblas\dnrm2.c ..\..\cblas\drot.c ..\..\cblas\drotg.c ..\..\cblas\drotm.c ..\..\cblas\drotmg.c ..\..\cblas\dsbmv.c ..\..\cblas\dscal.c ..\..\cblas\dsdot.c ..\..\cblas\dspmv.c ..\..\cblas\dspr.c ..\..\cblas\dspr2.c ..\..\cblas\dswap.c ..\..\cblas\dsymm.c ..\..\cblas\dsymv.c ..\..\cblas\dsyr.c ..\..\cblas\dsyr2.c ..\..\cblas\dsyr2k.c ..\..\cblas\dsyrk.c ..\..\cblas\dtbmv.c ..\..\cblas\dtbsv.c ..\..\cblas\dtpmv.c ..\..\cblas\dtpsv.c ..\..\cblas\dtrmm.c ..\..\cblas\dtrmv.c ..\..\cblas\dtrsm.c ..\..\cblas\dtrsv.c ..\..\cblas\dzasum.c ..\..\cblas\dznrm2.c ..\..\cblas\icamax.c ..\..\cblas\idamax.c ..\..\cblas\isamax.c ..\..\cblas\izamax.c ..\..\cblas\sasum.c ..\..\cblas\saxpy.c ..\..\cblas\scasum.c ..\..\cblas\scnrm2.c ..\..\cblas\scopy.c ..\..\cblas\sdot.c ..\..\cblas\sdsdot.c ..\..\cblas\sgbmv.c ..\..\cblas\sgemm.c ..\..\cblas\sgemv.c ..\..\cblas\sger.c ..\..\cblas\snrm2.c ..\..\cblas\srot.c ..\..\cblas\srotg.c ..\..\cblas\srotm.c ..\..\cblas\srotmg.c ..\..\cblas\ssbmv.c ..\..\cblas\sscal.c ..\..\cblas\sspmv.c ..\..\cblas\sspr.c ..\..\cblas\sspr2.c ..\..\cblas\sswap.c ..\..\cblas\ssymm.c ..\..\cblas\ssymv.c ..\..\cblas\ssyr.c ..\..\cblas\ssyr2.c ..\..\cblas\ssyr2k.c ..\..\cblas\ssyrk.c ..\..\cblas\stbmv.c ..\..\cblas\stbsv.c ..\..\cblas\stpmv.c ..\..\cblas\stpsv.c ..\..\cblas\strmm.c ..\..\cblas\strmv.c ..\..\cblas\strsm.c ..\..\cblas\strsv.c ..\..\cblas\xerbla.c ..\..\cblas\zaxpy.c ..\..\cblas\zcopy.c ..\..\cblas\zdotc_sub.c ..\..\cblas\zdotu_sub.c ..\..\cblas\zdscal.c ..\..\cblas\zgbmv.c ..\..\cblas\zgemm.c ..\..\cblas\zgemv.c ..\..\cblas\zgerc.c ..\..\cblas\zgeru.c ..\..\cblas\zhbmv.c ..\..\cblas\zhemm.c ..\..\cblas\zhemv.c ..\..\cblas\zher.c ..\..\cblas\zher2.c ..\..\cblas\zher2k.c ..\..\cblas\zherk.c ..\..\cblas\zhpmv.c ..\..\cblas\zhpr.c ..\..\cblas\zhpr2.c ..\..\cblas\zscal.c ..\..\cblas\zswap.c ..\..\cblas\zsymm.c ..\..\cblas\zsyr2k.c ..\..\cblas\zsyrk.c ..\..\cblas\ztbmv.c ..\..\cblas\ztbsv.c ..\..\cblas\ztpmv.c ..\..\cblas\ztpsv.c ..\..\cblas\ztrmm.c ..\..\cblas\ztrmv.c ..\..\cblas\ztrsm.c ..\..\cblas\ztrsv.c
         caxpy.c
         ccopy.c
         cdotc_sub.c
     1>c:\users\aleksandr\documents\github\diehard\gsl\1.8\gsl-1.8\cblas\source_dot_c.h(31): warning C4244: '+=' : conversion from 'double' to 'float', possible loss of data
     1>c:\users\aleksandr\documents\github\diehard\gsl\1.8\gsl-1.8\cblas\source_dot_c.h(32): warning C4244: '+=' : conversion from 'double' to 'float', possible loss of data
         cdotu_sub.c
     1>c:\users\aleksandr\documents\github\diehard\gsl\1.8\gsl-1.8\cblas\source_dot_c.h(31): warning C4244: '+=' : conversion from 'double' to 'float', possible loss of data
     1>c:\users\aleksandr\documents\github\diehard\gsl\1.8\gsl-1.8\cblas\source_dot_c.h(32): warning C4244: '+=' : conversion from 'double' to 'float', possible loss of data
         cgbmv.c
         cgemm.c
         cgemv.c
         cgerc.c
         cgeru.c
         chbmv.c
         chemm.c
         chemv.c
         cher.c
         cher2.c
         cher2k.c
         cherk.c
         chpmv.c
         chpr.c
         chpr2.c
         cscal.c
         Generating Code...
         Compiling...
         csscal.c
         cswap.c
         csymm.c
         csyr2k.c
         csyrk.c
         ctbmv.c
         ctbsv.c
     1>c:\users\aleksandr\documents\github\diehard\gsl\1.8\gsl-1.8\cblas\source_tbsv_c.h(55): warning C4244: 'initializing' : conversion from 'double' to 'const float', possible loss of data
     1>c:\users\aleksandr\documents\github\diehard\gsl\1.8\gsl-1.8\cblas\source_tbsv_c.h(91): warning C4244: 'initializing' : conversion from 'double' to 'const float', possible loss of data
     1>c:\users\aleksandr\documents\github\diehard\gsl\1.8\gsl-1.8\cblas\source_tbsv_c.h(128): warning C4244: 'initializing' : conversion from 'double' to 'const float', possible loss of data
     1>c:\users\aleksandr\documents\github\diehard\gsl\1.8\gsl-1.8\cblas\source_tbsv_c.h(165): warning C4244: 'initializing' : conversion from 'double' to 'const float', possible loss of data
         ctpmv.c
         ctpsv.c
     1>c:\users\aleksandr\documents\github\diehard\gsl\1.8\gsl-1.8\cblas\source_tpsv_c.h(41): warning C4244: 'initializing' : conversion from 'double' to 'const float', possible loss of data
     1>c:\users\aleksandr\documents\github\diehard\gsl\1.8\gsl-1.8\cblas\source_tpsv_c.h(67): warning C4244: 'initializing' : conversion from 'double' to 'const float', possible loss of data
     1>c:\users\aleksandr\documents\github\diehard\gsl\1.8\gsl-1.8\cblas\source_tpsv_c.h(90): warning C4244: 'initializing' : conversion from 'double' to 'const float', possible loss of data
     1>c:\users\aleksandr\documents\github\diehard\gsl\1.8\gsl-1.8\cblas\source_tpsv_c.h(115): warning C4244: 'initializing' : conversion from 'double' to 'const float', possible loss of data
     1>c:\users\aleksandr\documents\github\diehard\gsl\1.8\gsl-1.8\cblas\source_tpsv_c.h(139): warning C4244: 'initializing' : conversion from 'double' to 'const float', possible loss of data
     1>c:\users\aleksandr\documents\github\diehard\gsl\1.8\gsl-1.8\cblas\source_tpsv_c.h(164): warning C4244: 'initializing' : conversion from 'double' to 'const float', possible loss of data
     1>c:\users\aleksandr\documents\github\diehard\gsl\1.8\gsl-1.8\cblas\source_tpsv_c.h(187): warning C4244: 'initializing' : conversion from 'double' to 'const float', possible loss of data
     1>c:\users\aleksandr\documents\github\diehard\gsl\1.8\gsl-1.8\cblas\source_tpsv_c.h(213): warning C4244: 'initializing' : conversion from 'double' to 'const float', possible loss of data
         ctrmm.c
         ctrmv.c
         ctrsm.c
     1>c:\users\aleksandr\documents\github\diehard\gsl\1.8\gsl-1.8\cblas\source_trsm_c.h(64): warning C4244: 'initializing' : conversion from 'double' to 'const float', possible loss of data
     1>c:\users\aleksandr\documents\github\diehard\gsl\1.8\gsl-1.8\cblas\source_trsm_c.h(108): warning C4244: 'initializing' : conversion from 'double' to 'const float', possible loss of data
     1>c:\users\aleksandr\documents\github\diehard\gsl\1.8\gsl-1.8\cblas\source_trsm_c.h(152): warning C4244: 'initializing' : conversion from 'double' to 'const float', possible loss of data
     1>c:\users\aleksandr\documents\github\diehard\gsl\1.8\gsl-1.8\cblas\source_trsm_c.h(196): warning C4244: 'initializing' : conversion from 'double' to 'const float', possible loss of data
     1>c:\users\aleksandr\documents\github\diehard\gsl\1.8\gsl-1.8\cblas\source_trsm_c.h(240): warning C4244: 'initializing' : conversion from 'double' to 'const float', possible loss of data
     1>c:\users\aleksandr\documents\github\diehard\gsl\1.8\gsl-1.8\cblas\source_trsm_c.h(283): warning C4244: 'initializing' : conversion from 'double' to 'const float', possible loss of data
     1>c:\users\aleksandr\documents\github\diehard\gsl\1.8\gsl-1.8\cblas\source_trsm_c.h(327): warning C4244: 'initializing' : conversion from 'double' to 'const float', possible loss of data
     1>c:\users\aleksandr\documents\github\diehard\gsl\1.8\gsl-1.8\cblas\source_trsm_c.h(370): warning C4244: 'initializing' : conversion from 'double' to 'const float', possible loss of data
         ctrsv.c
     1>c:\users\aleksandr\documents\github\diehard\gsl\1.8\gsl-1.8\cblas\source_trsv_c.h(42): warning C4244: 'initializing' : conversion from 'double' to 'const float', possible loss of data
     1>c:\users\aleksandr\documents\github\diehard\gsl\1.8\gsl-1.8\cblas\source_trsv_c.h(68): warning C4244: 'initializing' : conversion from 'double' to 'const float', possible loss of data
     1>c:\users\aleksandr\documents\github\diehard\gsl\1.8\gsl-1.8\cblas\source_trsv_c.h(91): warning C4244: 'initializing' : conversion from 'double' to 'const float', possible loss of data
     1>c:\users\aleksandr\documents\github\diehard\gsl\1.8\gsl-1.8\cblas\source_trsv_c.h(116): warning C4244: 'initializing' : conversion from 'double' to 'const float', possible loss of data
     1>c:\users\aleksandr\documents\github\diehard\gsl\1.8\gsl-1.8\cblas\source_trsv_c.h(140): warning C4244: 'initializing' : conversion from 'double' to 'const float', possible loss of data
     1>c:\users\aleksandr\documents\github\diehard\gsl\1.8\gsl-1.8\cblas\source_trsv_c.h(165): warning C4244: 'initializing' : conversion from 'double' to 'const float', possible loss of data
     1>c:\users\aleksandr\documents\github\diehard\gsl\1.8\gsl-1.8\cblas\source_trsv_c.h(188): warning C4244: 'initializing' : conversion from 'double' to 'const float', possible loss of data
     1>c:\users\aleksandr\documents\github\diehard\gsl\1.8\gsl-1.8\cblas\source_trsv_c.h(214): warning C4244: 'initializing' : conversion from 'double' to 'const float', possible loss of data
         dasum.c
         daxpy.c
         dcopy.c
         ddot.c
         dgbmv.c
         dgemm.c
         dgemv.c
         Generating Code...
         Compiling...
         dger.c
         dnrm2.c
         drot.c
         drotg.c
         drotm.c
         drotmg.c
         dsbmv.c
         dscal.c
         dsdot.c
         dspmv.c
         dspr.c
         dspr2.c
         dswap.c
         dsymm.c
         dsymv.c
         dsyr.c
         dsyr2.c
         dsyr2k.c
         dsyrk.c
         dtbmv.c
         Generating Code...
         Compiling...
         dtbsv.c
         dtpmv.c
         dtpsv.c
         dtrmm.c
         dtrmv.c
         dtrsm.c
         dtrsv.c
         dzasum.c
         dznrm2.c
         icamax.c
     1>c:\users\aleksandr\documents\github\diehard\gsl\1.8\gsl-1.8\cblas\source_iamax_c.h(31): warning C4244: 'initializing' : conversion from 'double' to 'const float', possible loss of data
         idamax.c
         isamax.c
     1>c:\users\aleksandr\documents\github\diehard\gsl\1.8\gsl-1.8\cblas\source_iamax_r.h(32): warning C4244: '=' : conversion from 'double' to 'float', possible loss of data
         izamax.c
         sasum.c
     1>c:\users\aleksandr\documents\github\diehard\gsl\1.8\gsl-1.8\cblas\source_asum_r.h(30): warning C4244: '+=' : conversion from 'double' to 'float', possible loss of data
         saxpy.c
         scasum.c
     1>c:\users\aleksandr\documents\github\diehard\gsl\1.8\gsl-1.8\cblas\source_asum_c.h(30): warning C4244: '+=' : conversion from 'double' to 'float', possible loss of data
         scnrm2.c
     1>c:\users\aleksandr\documents\github\diehard\gsl\1.8\gsl-1.8\cblas\source_nrm2_c.h(35): warning C4244: 'initializing' : conversion from 'double' to 'const float', possible loss of data
     1>c:\users\aleksandr\documents\github\diehard\gsl\1.8\gsl-1.8\cblas\source_nrm2_c.h(38): warning C4244: '=' : conversion from 'double' to 'float', possible loss of data
     1>c:\users\aleksandr\documents\github\diehard\gsl\1.8\gsl-1.8\cblas\source_nrm2_c.h(46): warning C4244: 'initializing' : conversion from 'double' to 'const float', possible loss of data
     1>c:\users\aleksandr\documents\github\diehard\gsl\1.8\gsl-1.8\cblas\source_nrm2_c.h(49): warning C4244: '=' : conversion from 'double' to 'float', possible loss of data
     1>c:\users\aleksandr\documents\github\diehard\gsl\1.8\gsl-1.8\cblas\source_nrm2_c.h(59): warning C4244: 'return' : conversion from 'double' to 'float', possible loss of data
         scopy.c
         sdot.c
         sdsdot.c
     1>c:\users\aleksandr\documents\github\diehard\gsl\1.8\gsl-1.8\cblas\source_dot_r.h(32): warning C4244: 'return' : conversion from 'double' to 'float', possible loss of data
         Generating Code...
         Compiling...
         sgbmv.c
         sgemm.c
         sgemv.c
         sger.c
         snrm2.c
     1>c:\users\aleksandr\documents\github\diehard\gsl\1.8\gsl-1.8\cblas\source_nrm2_r.h(29): warning C4244: 'return' : conversion from 'double' to 'float', possible loss of data
     1>c:\users\aleksandr\documents\github\diehard\gsl\1.8\gsl-1.8\cblas\source_nrm2_r.h(36): warning C4244: 'initializing' : conversion from 'double' to 'const float', possible loss of data
     1>c:\users\aleksandr\documents\github\diehard\gsl\1.8\gsl-1.8\cblas\source_nrm2_r.h(39): warning C4244: '=' : conversion from 'double' to 'float', possible loss of data
     1>c:\users\aleksandr\documents\github\diehard\gsl\1.8\gsl-1.8\cblas\source_nrm2_r.h(49): warning C4244: 'return' : conversion from 'double' to 'float', possible loss of data
         srot.c
         srotg.c
     1>c:\users\aleksandr\documents\github\diehard\gsl\1.8\gsl-1.8\cblas\source_rotg.h(22): warning C4244: 'initializing' : conversion from 'double' to 'const float', possible loss of data
     1>c:\users\aleksandr\documents\github\diehard\gsl\1.8\gsl-1.8\cblas\source_rotg.h(28): warning C4244: '=' : conversion from 'double' to 'float', possible loss of data
     1>c:\users\aleksandr\documents\github\diehard\gsl\1.8\gsl-1.8\cblas\source_rotg.h(36): warning C4244: '=' : conversion from 'double' to 'float', possible loss of data
         srotm.c
         srotmg.c
     1>c:\users\aleksandr\documents\github\diehard\gsl\1.8\gsl-1.8\cblas\source_rotmg.h(46): warning C4244: '=' : conversion from 'double' to 'float', possible loss of data
     1>c:\users\aleksandr\documents\github\diehard\gsl\1.8\gsl-1.8\cblas\source_rotmg.h(47): warning C4244: '=' : conversion from 'double' to 'float', possible loss of data
         ssbmv.c
         sscal.c
         sspmv.c
         sspr.c
         sspr2.c
     1>c:\users\aleksandr\documents\github\diehard\gsl\1.8\gsl-1.8\cblas\source_spr2.h(39): warning C4244: '+=' : conversion from 'const double' to 'float', possible loss of data
     1>c:\users\aleksandr\documents\github\diehard\gsl\1.8\gsl-1.8\cblas\source_spr2.h(56): warning C4244: '+=' : conversion from 'const double' to 'float', possible loss of data
         sswap.c
         ssymm.c
         ssymv.c
         ssyr.c
         ssyr2.c
         ssyr2k.c
         Generating Code...
         Compiling...
         ssyrk.c
         stbmv.c
     1>c:\users\aleksandr\documents\github\diehard\gsl\1.8\gsl-1.8\cblas\source_tbmv_r.h(34): warning C4244: 'initializing' : conversion from 'double' to 'float', possible loss of data
     1>c:\users\aleksandr\documents\github\diehard\gsl\1.8\gsl-1.8\cblas\source_tbmv_r.h(52): warning C4244: 'initializing' : conversion from 'double' to 'float', possible loss of data
         stbsv.c
         stpmv.c
         stpsv.c
         strmm.c
         strmv.c
         strsm.c
         strsv.c
         xerbla.c
         zaxpy.c
         zcopy.c
         zdotc_sub.c
         zdotu_sub.c
         zdscal.c
         zgbmv.c
         zgemm.c
         zgemv.c
         zgerc.c
         zgeru.c
         Generating Code...
         Compiling...
         zhbmv.c
         zhemm.c
         zhemv.c
         zher.c
         zher2.c
         zher2k.c
         zherk.c
         zhpmv.c
         zhpr.c
         zhpr2.c
         zscal.c
         zswap.c
         zsymm.c
         zsyr2k.c
         zsyrk.c
         ztbmv.c
         ztbsv.c
         ztpmv.c
         ztpsv.c
         ztrmm.c
         Generating Code...
         Compiling...
         ztrmv.c
         ztrsm.c
         ztrsv.c
         Generating Code...
       Link:
         C:\Program Files (x86)\Microsoft Visual Studio 12.0\VC\bin\link.exe /ERRORREPORT:PROMPT /OUT:"Release-DLL\libgslcblas.dll" /NOLOGO kernel32.lib user32.lib gdi32.lib winspool.lib comdlg32.lib advapi32.lib shell32.lib ole32.lib oleaut32.lib uuid.lib odbc32.lib odbccp32.lib /MANIFEST /MANIFESTUAC:"level='asInvoker' uiAccess='false'" /manifest:embed /PDB:"Release-DLL\libgslcblas.pdb" /TLBID:1 /DYNAMICBASE /NXCOMPAT /IMPLIB:"C:\Users\Aleksandr\Documents\GitHub\Diehard\gsl\1.8\gsl-1.8\VC8\libgslcblas\Release-DLL\libgslcblas_dll.lib" /MACHINE:X86 /SAFESEH /DLL "Release-DLL\caxpy.obj"
         "Release-DLL\ccopy.obj"
         "Release-DLL\cdotc_sub.obj"
         "Release-DLL\cdotu_sub.obj"
         "Release-DLL\cgbmv.obj"
         "Release-DLL\cgemm.obj"
         "Release-DLL\cgemv.obj"
         "Release-DLL\cgerc.obj"
         "Release-DLL\cgeru.obj"
         "Release-DLL\chbmv.obj"
         "Release-DLL\chemm.obj"
         "Release-DLL\chemv.obj"
         "Release-DLL\cher.obj"
         "Release-DLL\cher2.obj"
         "Release-DLL\cher2k.obj"
         "Release-DLL\cherk.obj"
         "Release-DLL\chpmv.obj"
         "Release-DLL\chpr.obj"
         "Release-DLL\chpr2.obj"
         "Release-DLL\cscal.obj"
         "Release-DLL\csscal.obj"
         "Release-DLL\cswap.obj"
         "Release-DLL\csymm.obj"
         "Release-DLL\csyr2k.obj"
         "Release-DLL\csyrk.obj"
         "Release-DLL\ctbmv.obj"
         "Release-DLL\ctbsv.obj"
         "Release-DLL\ctpmv.obj"
         "Release-DLL\ctpsv.obj"
         "Release-DLL\ctrmm.obj"
         "Release-DLL\ctrmv.obj"
         "Release-DLL\ctrsm.obj"
         "Release-DLL\ctrsv.obj"
         "Release-DLL\dasum.obj"
         "Release-DLL\daxpy.obj"
         "Release-DLL\dcopy.obj"
         "Release-DLL\ddot.obj"
         "Release-DLL\dgbmv.obj"
         "Release-DLL\dgemm.obj"
         "Release-DLL\dgemv.obj"
         "Release-DLL\dger.obj"
         "Release-DLL\dnrm2.obj"
         "Release-DLL\drot.obj"
         "Release-DLL\drotg.obj"
         "Release-DLL\drotm.obj"
         "Release-DLL\drotmg.obj"
         "Release-DLL\dsbmv.obj"
         "Release-DLL\dscal.obj"
         "Release-DLL\dsdot.obj"
         "Release-DLL\dspmv.obj"
         "Release-DLL\dspr.obj"
         "Release-DLL\dspr2.obj"
         "Release-DLL\dswap.obj"
         "Release-DLL\dsymm.obj"
         "Release-DLL\dsymv.obj"
         "Release-DLL\dsyr.obj"
         "Release-DLL\dsyr2.obj"
         "Release-DLL\dsyr2k.obj"
         "Release-DLL\dsyrk.obj"
         "Release-DLL\dtbmv.obj"
         "Release-DLL\dtbsv.obj"
         "Release-DLL\dtpmv.obj"
         "Release-DLL\dtpsv.obj"
         "Release-DLL\dtrmm.obj"
         "Release-DLL\dtrmv.obj"
         "Release-DLL\dtrsm.obj"
         "Release-DLL\dtrsv.obj"
         "Release-DLL\dzasum.obj"
         "Release-DLL\dznrm2.obj"
         "Release-DLL\icamax.obj"
         "Release-DLL\idamax.obj"
         "Release-DLL\isamax.obj"
         "Release-DLL\izamax.obj"
         "Release-DLL\sasum.obj"
         "Release-DLL\saxpy.obj"
         "Release-DLL\scasum.obj"
         "Release-DLL\scnrm2.obj"
         "Release-DLL\scopy.obj"
         "Release-DLL\sdot.obj"
         "Release-DLL\sdsdot.obj"
         "Release-DLL\sgbmv.obj"
         "Release-DLL\sgemm.obj"
         "Release-DLL\sgemv.obj"
         "Release-DLL\sger.obj"
         "Release-DLL\snrm2.obj"
         "Release-DLL\srot.obj"
         "Release-DLL\srotg.obj"
         "Release-DLL\srotm.obj"
         "Release-DLL\srotmg.obj"
         "Release-DLL\ssbmv.obj"
         "Release-DLL\sscal.obj"
         "Release-DLL\sspmv.obj"
         "Release-DLL\sspr.obj"
         "Release-DLL\sspr2.obj"
         "Release-DLL\sswap.obj"
         "Release-DLL\ssymm.obj"
         "Release-DLL\ssymv.obj"
         "Release-DLL\ssyr.obj"
         "Release-DLL\ssyr2.obj"
         "Release-DLL\ssyr2k.obj"
         "Release-DLL\ssyrk.obj"
         "Release-DLL\stbmv.obj"
         "Release-DLL\stbsv.obj"
         "Release-DLL\stpmv.obj"
         "Release-DLL\stpsv.obj"
         "Release-DLL\strmm.obj"
         "Release-DLL\strmv.obj"
         "Release-DLL\strsm.obj"
         "Release-DLL\strsv.obj"
         "Release-DLL\xerbla.obj"
         "Release-DLL\zaxpy.obj"
         "Release-DLL\zcopy.obj"
         "Release-DLL\zdotc_sub.obj"
         "Release-DLL\zdotu_sub.obj"
         "Release-DLL\zdscal.obj"
         "Release-DLL\zgbmv.obj"
         "Release-DLL\zgemm.obj"
         "Release-DLL\zgemv.obj"
         "Release-DLL\zgerc.obj"
         "Release-DLL\zgeru.obj"
         "Release-DLL\zhbmv.obj"
         "Release-DLL\zhemm.obj"
         "Release-DLL\zhemv.obj"
         "Release-DLL\zher.obj"
         "Release-DLL\zher2.obj"
         "Release-DLL\zher2k.obj"
         "Release-DLL\zherk.obj"
         "Release-DLL\zhpmv.obj"
         "Release-DLL\zhpr.obj"
         "Release-DLL\zhpr2.obj"
         "Release-DLL\zscal.obj"
         "Release-DLL\zswap.obj"
         "Release-DLL\zsymm.obj"
         "Release-DLL\zsyr2k.obj"
         "Release-DLL\zsyrk.obj"
         "Release-DLL\ztbmv.obj"
         "Release-DLL\ztbsv.obj"
         "Release-DLL\ztpmv.obj"
         "Release-DLL\ztpsv.obj"
         "Release-DLL\ztrmm.obj"
         "Release-DLL\ztrmv.obj"
         "Release-DLL\ztrsm.obj"
         "Release-DLL\ztrsv.obj"
            Creating library C:\Users\Aleksandr\Documents\GitHub\Diehard\gsl\1.8\gsl-1.8\VC8\libgslcblas\Release-DLL\libgslcblas_dll.lib and object C:\Users\Aleksandr\Documents\GitHub\Diehard\gsl\1.8\gsl-1.8\VC8\libgslcblas\Release-DLL\libgslcblas_dll.exp
         libgslcblas.vcxproj -> C:\Users\Aleksandr\Documents\GitHub\Diehard\gsl\1.8\gsl-1.8\VC8\libgslcblas\Release-DLL\libgslcblas.dll
     1>Done Building Project "C:\Users\Aleksandr\Documents\GitHub\Diehard\gsl\1.8\gsl-1.8\VC8\libgslcblas\libgslcblas.vcxproj" (Rebuild target(s)).

Build succeeded.

Time Elapsed 00:00:09.08
