c:\users\aleksandr\documents\github\diehard\gsl\1.8\gsl-1.8\vc8\libgsl\release-dll\vc120.pdb
c:\users\aleksandr\documents\github\diehard\gsl\1.8\gsl-1.8\vc8\libgsl\release-dll\gauss.obj
c:\users\aleksandr\documents\github\diehard\gsl\1.8\gsl-1.8\vc8\libgsl\release-dll\gammainv.obj
c:\users\aleksandr\documents\github\diehard\gsl\1.8\gsl-1.8\vc8\libgsl\release-dll\gamma.obj
c:\users\aleksandr\documents\github\diehard\gsl\1.8\gsl-1.8\vc8\libgsl\release-dll\flatinv.obj
c:\users\aleksandr\documents\github\diehard\gsl\1.8\gsl-1.8\vc8\libgsl\release-dll\flat.obj
c:\users\aleksandr\documents\github\diehard\gsl\1.8\gsl-1.8\vc8\libgsl\release-dll\fdistinv.obj
c:\users\aleksandr\documents\github\diehard\gsl\1.8\gsl-1.8\vc8\libgsl\release-dll\fdist.obj
c:\users\aleksandr\documents\github\diehard\gsl\1.8\gsl-1.8\vc8\libgsl\release-dll\exppow.obj
c:\users\aleksandr\documents\github\diehard\gsl\1.8\gsl-1.8\vc8\libgsl\release-dll\exponentialinv.obj
c:\users\aleksandr\documents\github\diehard\gsl\1.8\gsl-1.8\vc8\libgsl\release-dll\exponential.obj
c:\users\aleksandr\documents\github\diehard\gsl\1.8\gsl-1.8\vc8\libgsl\release-dll\chisqinv.obj
c:\users\aleksandr\documents\github\diehard\gsl\1.8\gsl-1.8\vc8\libgsl\release-dll\chisq.obj
c:\users\aleksandr\documents\github\diehard\gsl\1.8\gsl-1.8\vc8\libgsl\release-dll\cauchyinv.obj
c:\users\aleksandr\documents\github\diehard\gsl\1.8\gsl-1.8\vc8\libgsl\release-dll\cauchy.obj
c:\users\aleksandr\documents\github\diehard\gsl\1.8\gsl-1.8\vc8\libgsl\release-dll\betainv.obj
c:\users\aleksandr\documents\github\diehard\gsl\1.8\gsl-1.8\vc8\libgsl\release-dll\beta.obj
c:\users\aleksandr\documents\github\diehard\gsl\1.8\gsl-1.8\vc8\libgsl\release-dll\init.obj
c:\users\aleksandr\documents\github\diehard\gsl\1.8\gsl-1.8\vc8\libgsl\release-dll\file.obj
c:\users\aleksandr\documents\github\diehard\gsl\1.8\gsl-1.8\vc8\libgsl\release-dll\block.obj
c:\users\aleksandr\documents\github\diehard\gsl\1.8\gsl-1.8\vc8\libgsl\release-dll\blas.obj
c:\users\aleksandr\documents\github\diehard\gsl\1.8\gsl-1.8\vc8\libgsl\release-dll\weibullinv.obj
c:\users\aleksandr\documents\github\diehard\gsl\1.8\gsl-1.8\vc8\libgsl\release-dll\weibull.obj
c:\users\aleksandr\documents\github\diehard\gsl\1.8\gsl-1.8\vc8\libgsl\release-dll\tdistinv.obj
c:\users\aleksandr\documents\github\diehard\gsl\1.8\gsl-1.8\vc8\libgsl\release-dll\tdist.obj
c:\users\aleksandr\documents\github\diehard\gsl\1.8\gsl-1.8\vc8\libgsl\release-dll\rayleighinv.obj
c:\users\aleksandr\documents\github\diehard\gsl\1.8\gsl-1.8\vc8\libgsl\release-dll\rayleigh.obj
c:\users\aleksandr\documents\github\diehard\gsl\1.8\gsl-1.8\vc8\libgsl\release-dll\paretoinv.obj
c:\users\aleksandr\documents\github\diehard\gsl\1.8\gsl-1.8\vc8\libgsl\release-dll\pareto.obj
c:\users\aleksandr\documents\github\diehard\gsl\1.8\gsl-1.8\vc8\libgsl\release-dll\lognormalinv.obj
c:\users\aleksandr\documents\github\diehard\gsl\1.8\gsl-1.8\vc8\libgsl\release-dll\lognormal.obj
c:\users\aleksandr\documents\github\diehard\gsl\1.8\gsl-1.8\vc8\libgsl\release-dll\logisticinv.obj
c:\users\aleksandr\documents\github\diehard\gsl\1.8\gsl-1.8\vc8\libgsl\release-dll\logistic.obj
c:\users\aleksandr\documents\github\diehard\gsl\1.8\gsl-1.8\vc8\libgsl\release-dll\laplaceinv.obj
c:\users\aleksandr\documents\github\diehard\gsl\1.8\gsl-1.8\vc8\libgsl\release-dll\laplace.obj
c:\users\aleksandr\documents\github\diehard\gsl\1.8\gsl-1.8\vc8\libgsl\release-dll\hypergeometric.obj
c:\users\aleksandr\documents\github\diehard\gsl\1.8\gsl-1.8\vc8\libgsl\release-dll\gumbel2inv.obj
c:\users\aleksandr\documents\github\diehard\gsl\1.8\gsl-1.8\vc8\libgsl\release-dll\gumbel2.obj
c:\users\aleksandr\documents\github\diehard\gsl\1.8\gsl-1.8\vc8\libgsl\release-dll\gumbel1inv.obj
c:\users\aleksandr\documents\github\diehard\gsl\1.8\gsl-1.8\vc8\libgsl\release-dll\gumbel1.obj
c:\users\aleksandr\documents\github\diehard\gsl\1.8\gsl-1.8\vc8\libgsl\release-dll\gaussinv.obj
c:\users\aleksandr\documents\github\diehard\gsl\1.8\gsl-1.8\vc8\libgsl\release-dll\linear.obj
c:\users\aleksandr\documents\github\diehard\gsl\1.8\gsl-1.8\vc8\libgsl\release-dll\fft.obj
c:\users\aleksandr\documents\github\diehard\gsl\1.8\gsl-1.8\vc8\libgsl\release-dll\dft.obj
c:\users\aleksandr\documents\github\diehard\gsl\1.8\gsl-1.8\vc8\libgsl\release-dll\strerror.obj
c:\users\aleksandr\documents\github\diehard\gsl\1.8\gsl-1.8\vc8\libgsl\release-dll\stream.obj
c:\users\aleksandr\documents\github\diehard\gsl\1.8\gsl-1.8\vc8\libgsl\release-dll\message.obj
c:\users\aleksandr\documents\github\diehard\gsl\1.8\gsl-1.8\vc8\libgsl\release-dll\error.obj
c:\users\aleksandr\documents\github\diehard\gsl\1.8\gsl-1.8\vc8\libgsl\release-dll\symmv.obj
c:\users\aleksandr\documents\github\diehard\gsl\1.8\gsl-1.8\vc8\libgsl\release-dll\symm.obj
c:\users\aleksandr\documents\github\diehard\gsl\1.8\gsl-1.8\vc8\libgsl\release-dll\sort.obj
c:\users\aleksandr\documents\github\diehard\gsl\1.8\gsl-1.8\vc8\libgsl\release-dll\jacobi.obj
c:\users\aleksandr\documents\github\diehard\gsl\1.8\gsl-1.8\vc8\libgsl\release-dll\hermv.obj
c:\users\aleksandr\documents\github\diehard\gsl\1.8\gsl-1.8\vc8\libgsl\release-dll\herm.obj
c:\users\aleksandr\documents\github\diehard\gsl\1.8\gsl-1.8\vc8\libgsl\release-dll\diff.obj
c:\users\aleksandr\documents\github\diehard\gsl\1.8\gsl-1.8\vc8\libgsl\release-dll\dht.obj
c:\users\aleksandr\documents\github\diehard\gsl\1.8\gsl-1.8\vc8\libgsl\release-dll\math.obj
c:\users\aleksandr\documents\github\diehard\gsl\1.8\gsl-1.8\vc8\libgsl\release-dll\combination.obj
c:\users\aleksandr\documents\github\diehard\gsl\1.8\gsl-1.8\vc8\libgsl\release-dll\integ.obj
c:\users\aleksandr\documents\github\diehard\gsl\1.8\gsl-1.8\vc8\libgsl\release-dll\eval.obj
c:\users\aleksandr\documents\github\diehard\gsl\1.8\gsl-1.8\vc8\libgsl\release-dll\deriv.obj
c:\users\aleksandr\documents\github\diehard\gsl\1.8\gsl-1.8\vc8\libgsl\release-dll\reset2d.obj
c:\users\aleksandr\documents\github\diehard\gsl\1.8\gsl-1.8\vc8\libgsl\release-dll\reset.obj
c:\users\aleksandr\documents\github\diehard\gsl\1.8\gsl-1.8\vc8\libgsl\release-dll\pdf2d.obj
c:\users\aleksandr\documents\github\diehard\gsl\1.8\gsl-1.8\vc8\libgsl\release-dll\pdf.obj
c:\users\aleksandr\documents\github\diehard\gsl\1.8\gsl-1.8\vc8\libgsl\release-dll\params2d.obj
c:\users\aleksandr\documents\github\diehard\gsl\1.8\gsl-1.8\vc8\libgsl\release-dll\params.obj
c:\users\aleksandr\documents\github\diehard\gsl\1.8\gsl-1.8\vc8\libgsl\release-dll\oper2d.obj
c:\users\aleksandr\documents\github\diehard\gsl\1.8\gsl-1.8\vc8\libgsl\release-dll\oper.obj
c:\users\aleksandr\documents\github\diehard\gsl\1.8\gsl-1.8\vc8\libgsl\release-dll\maxval2d.obj
c:\users\aleksandr\documents\github\diehard\gsl\1.8\gsl-1.8\vc8\libgsl\release-dll\maxval.obj
c:\users\aleksandr\documents\github\diehard\gsl\1.8\gsl-1.8\vc8\libgsl\release-dll\init2d.obj
c:\users\aleksandr\documents\github\diehard\gsl\1.8\gsl-1.8\vc8\libgsl\release-dll\get2d.obj
c:\users\aleksandr\documents\github\diehard\gsl\1.8\gsl-1.8\vc8\libgsl\release-dll\get.obj
c:\users\aleksandr\documents\github\diehard\gsl\1.8\gsl-1.8\vc8\libgsl\release-dll\file2d.obj
c:\users\aleksandr\documents\github\diehard\gsl\1.8\gsl-1.8\vc8\libgsl\release-dll\copy2d.obj
c:\users\aleksandr\documents\github\diehard\gsl\1.8\gsl-1.8\vc8\libgsl\release-dll\copy.obj
c:\users\aleksandr\documents\github\diehard\gsl\1.8\gsl-1.8\vc8\libgsl\release-dll\calloc_range2d.obj
c:\users\aleksandr\documents\github\diehard\gsl\1.8\gsl-1.8\vc8\libgsl\release-dll\calloc_range.obj
c:\users\aleksandr\documents\github\diehard\gsl\1.8\gsl-1.8\vc8\libgsl\release-dll\add2d.obj
c:\users\aleksandr\documents\github\diehard\gsl\1.8\gsl-1.8\vc8\libgsl\release-dll\add.obj
c:\users\aleksandr\documents\github\diehard\gsl\1.8\gsl-1.8\vc8\libgsl\release-dll\qk41.obj
c:\users\aleksandr\documents\github\diehard\gsl\1.8\gsl-1.8\vc8\libgsl\release-dll\qk31.obj
c:\users\aleksandr\documents\github\diehard\gsl\1.8\gsl-1.8\vc8\libgsl\release-dll\qk21.obj
c:\users\aleksandr\documents\github\diehard\gsl\1.8\gsl-1.8\vc8\libgsl\release-dll\qk15.obj
c:\users\aleksandr\documents\github\diehard\gsl\1.8\gsl-1.8\vc8\libgsl\release-dll\qk.obj
c:\users\aleksandr\documents\github\diehard\gsl\1.8\gsl-1.8\vc8\libgsl\release-dll\qcheb.obj
c:\users\aleksandr\documents\github\diehard\gsl\1.8\gsl-1.8\vc8\libgsl\release-dll\qaws.obj
c:\users\aleksandr\documents\github\diehard\gsl\1.8\gsl-1.8\vc8\libgsl\release-dll\qawo.obj
c:\users\aleksandr\documents\github\diehard\gsl\1.8\gsl-1.8\vc8\libgsl\release-dll\qawf.obj
c:\users\aleksandr\documents\github\diehard\gsl\1.8\gsl-1.8\vc8\libgsl\release-dll\qawc.obj
c:\users\aleksandr\documents\github\diehard\gsl\1.8\gsl-1.8\vc8\libgsl\release-dll\qags.obj
c:\users\aleksandr\documents\github\diehard\gsl\1.8\gsl-1.8\vc8\libgsl\release-dll\qagp.obj
c:\users\aleksandr\documents\github\diehard\gsl\1.8\gsl-1.8\vc8\libgsl\release-dll\qag.obj
c:\users\aleksandr\documents\github\diehard\gsl\1.8\gsl-1.8\vc8\libgsl\release-dll\read.obj
c:\users\aleksandr\documents\github\diehard\gsl\1.8\gsl-1.8\vc8\libgsl\release-dll\print.obj
c:\users\aleksandr\documents\github\diehard\gsl\1.8\gsl-1.8\vc8\libgsl\release-dll\make_rep.obj
c:\users\aleksandr\documents\github\diehard\gsl\1.8\gsl-1.8\vc8\libgsl\release-dll\fp.obj
c:\users\aleksandr\documents\github\diehard\gsl\1.8\gsl-1.8\vc8\libgsl\release-dll\env.obj
c:\users\aleksandr\documents\github\diehard\gsl\1.8\gsl-1.8\vc8\libgsl\release-dll\stat2d.obj
c:\users\aleksandr\documents\github\diehard\gsl\1.8\gsl-1.8\vc8\libgsl\release-dll\stat.obj
c:\users\aleksandr\documents\github\diehard\gsl\1.8\gsl-1.8\vc8\libgsl\release-dll\householdercomplex.obj
c:\users\aleksandr\documents\github\diehard\gsl\1.8\gsl-1.8\vc8\libgsl\release-dll\householder.obj
c:\users\aleksandr\documents\github\diehard\gsl\1.8\gsl-1.8\vc8\libgsl\release-dll\hh.obj
c:\users\aleksandr\documents\github\diehard\gsl\1.8\gsl-1.8\vc8\libgsl\release-dll\hermtd.obj
c:\users\aleksandr\documents\github\diehard\gsl\1.8\gsl-1.8\vc8\libgsl\release-dll\cholesky.obj
c:\users\aleksandr\documents\github\diehard\gsl\1.8\gsl-1.8\vc8\libgsl\release-dll\bidiag.obj
c:\users\aleksandr\documents\github\diehard\gsl\1.8\gsl-1.8\vc8\libgsl\release-dll\balance.obj
c:\users\aleksandr\documents\github\diehard\gsl\1.8\gsl-1.8\vc8\libgsl\release-dll\spline.obj
c:\users\aleksandr\documents\github\diehard\gsl\1.8\gsl-1.8\vc8\libgsl\release-dll\poly.obj
c:\users\aleksandr\documents\github\diehard\gsl\1.8\gsl-1.8\vc8\libgsl\release-dll\interp.obj
c:\users\aleksandr\documents\github\diehard\gsl\1.8\gsl-1.8\vc8\libgsl\release-dll\cspline.obj
c:\users\aleksandr\documents\github\diehard\gsl\1.8\gsl-1.8\vc8\libgsl\release-dll\bsearch.obj
c:\users\aleksandr\documents\github\diehard\gsl\1.8\gsl-1.8\vc8\libgsl\release-dll\akima.obj
c:\users\aleksandr\documents\github\diehard\gsl\1.8\gsl-1.8\vc8\libgsl\release-dll\accel.obj
c:\users\aleksandr\documents\github\diehard\gsl\1.8\gsl-1.8\vc8\libgsl\release-dll\workspace.obj
c:\users\aleksandr\documents\github\diehard\gsl\1.8\gsl-1.8\vc8\libgsl\release-dll\qng.obj
c:\users\aleksandr\documents\github\diehard\gsl\1.8\gsl-1.8\vc8\libgsl\release-dll\qmomof.obj
c:\users\aleksandr\documents\github\diehard\gsl\1.8\gsl-1.8\vc8\libgsl\release-dll\qmomo.obj
c:\users\aleksandr\documents\github\diehard\gsl\1.8\gsl-1.8\vc8\libgsl\release-dll\qk61.obj
c:\users\aleksandr\documents\github\diehard\gsl\1.8\gsl-1.8\vc8\libgsl\release-dll\qk51.obj
c:\users\aleksandr\documents\github\diehard\gsl\1.8\gsl-1.8\vc8\libgsl\release-dll\convergence.obj
c:\users\aleksandr\documents\github\diehard\gsl\1.8\gsl-1.8\vc8\libgsl\release-dll\brent.obj
c:\users\aleksandr\documents\github\diehard\gsl\1.8\gsl-1.8\vc8\libgsl\release-dll\bracketing.obj
c:\users\aleksandr\documents\github\diehard\gsl\1.8\gsl-1.8\vc8\libgsl\release-dll\view.obj
c:\users\aleksandr\documents\github\diehard\gsl\1.8\gsl-1.8\vc8\libgsl\release-dll\swap.obj
c:\users\aleksandr\documents\github\diehard\gsl\1.8\gsl-1.8\vc8\libgsl\release-dll\submatrix.obj
c:\users\aleksandr\documents\github\diehard\gsl\1.8\gsl-1.8\vc8\libgsl\release-dll\rowcol.obj
c:\users\aleksandr\documents\github\diehard\gsl\1.8\gsl-1.8\vc8\libgsl\release-dll\prop.obj
c:\users\aleksandr\documents\github\diehard\gsl\1.8\gsl-1.8\vc8\libgsl\release-dll\matrix.obj
c:\users\aleksandr\documents\github\diehard\gsl\1.8\gsl-1.8\vc8\libgsl\release-dll\getset.obj
c:\users\aleksandr\documents\github\diehard\gsl\1.8\gsl-1.8\vc8\libgsl\release-dll\tridiag.obj
c:\users\aleksandr\documents\github\diehard\gsl\1.8\gsl-1.8\vc8\libgsl\release-dll\symmtd.obj
c:\users\aleksandr\documents\github\diehard\gsl\1.8\gsl-1.8\vc8\libgsl\release-dll\svd.obj
c:\users\aleksandr\documents\github\diehard\gsl\1.8\gsl-1.8\vc8\libgsl\release-dll\qrpt.obj
c:\users\aleksandr\documents\github\diehard\gsl\1.8\gsl-1.8\vc8\libgsl\release-dll\qr.obj
c:\users\aleksandr\documents\github\diehard\gsl\1.8\gsl-1.8\vc8\libgsl\release-dll\ptlq.obj
c:\users\aleksandr\documents\github\diehard\gsl\1.8\gsl-1.8\vc8\libgsl\release-dll\multiply.obj
c:\users\aleksandr\documents\github\diehard\gsl\1.8\gsl-1.8\vc8\libgsl\release-dll\luc.obj
c:\users\aleksandr\documents\github\diehard\gsl\1.8\gsl-1.8\vc8\libgsl\release-dll\lu.obj
c:\users\aleksandr\documents\github\diehard\gsl\1.8\gsl-1.8\vc8\libgsl\release-dll\lq.obj
c:\users\aleksandr\documents\github\diehard\gsl\1.8\gsl-1.8\vc8\libgsl\release-dll\dnewton.obj
c:\users\aleksandr\documents\github\diehard\gsl\1.8\gsl-1.8\vc8\libgsl\release-dll\broyden.obj
c:\users\aleksandr\documents\github\diehard\gsl\1.8\gsl-1.8\vc8\libgsl\release-dll\vector_bfgs.obj
c:\users\aleksandr\documents\github\diehard\gsl\1.8\gsl-1.8\vc8\libgsl\release-dll\steepest_descent.obj
c:\users\aleksandr\documents\github\diehard\gsl\1.8\gsl-1.8\vc8\libgsl\release-dll\simplex.obj
c:\users\aleksandr\documents\github\diehard\gsl\1.8\gsl-1.8\vc8\libgsl\release-dll\fminimizer.obj
c:\users\aleksandr\documents\github\diehard\gsl\1.8\gsl-1.8\vc8\libgsl\release-dll\fdfminimizer.obj
c:\users\aleksandr\documents\github\diehard\gsl\1.8\gsl-1.8\vc8\libgsl\release-dll\conjugate_pr.obj
c:\users\aleksandr\documents\github\diehard\gsl\1.8\gsl-1.8\vc8\libgsl\release-dll\conjugate_fr.obj
c:\users\aleksandr\documents\github\diehard\gsl\1.8\gsl-1.8\vc8\libgsl\release-dll\work.obj
c:\users\aleksandr\documents\github\diehard\gsl\1.8\gsl-1.8\vc8\libgsl\release-dll\multilinear.obj
c:\users\aleksandr\documents\github\diehard\gsl\1.8\gsl-1.8\vc8\libgsl\release-dll\lmder.obj
c:\users\aleksandr\documents\github\diehard\gsl\1.8\gsl-1.8\vc8\libgsl\release-dll\gradient.obj
c:\users\aleksandr\documents\github\diehard\gsl\1.8\gsl-1.8\vc8\libgsl\release-dll\fdfsolver.obj
c:\users\aleksandr\documents\github\diehard\gsl\1.8\gsl-1.8\vc8\libgsl\release-dll\covar.obj
c:\users\aleksandr\documents\github\diehard\gsl\1.8\gsl-1.8\vc8\libgsl\release-dll\vegas.obj
c:\users\aleksandr\documents\github\diehard\gsl\1.8\gsl-1.8\vc8\libgsl\release-dll\plain.obj
c:\users\aleksandr\documents\github\diehard\gsl\1.8\gsl-1.8\vc8\libgsl\release-dll\miser.obj
c:\users\aleksandr\documents\github\diehard\gsl\1.8\gsl-1.8\vc8\libgsl\release-dll\golden.obj
c:\users\aleksandr\documents\github\diehard\gsl\1.8\gsl-1.8\vc8\libgsl\release-dll\fsolver.obj
c:\users\aleksandr\documents\github\diehard\gsl\1.8\gsl-1.8\vc8\libgsl\release-dll\rkck.obj
c:\users\aleksandr\documents\github\diehard\gsl\1.8\gsl-1.8\vc8\libgsl\release-dll\rk8pd.obj
c:\users\aleksandr\documents\github\diehard\gsl\1.8\gsl-1.8\vc8\libgsl\release-dll\rk4imp.obj
c:\users\aleksandr\documents\github\diehard\gsl\1.8\gsl-1.8\vc8\libgsl\release-dll\rk4.obj
c:\users\aleksandr\documents\github\diehard\gsl\1.8\gsl-1.8\vc8\libgsl\release-dll\rk2simp.obj
c:\users\aleksandr\documents\github\diehard\gsl\1.8\gsl-1.8\vc8\libgsl\release-dll\rk2imp.obj
c:\users\aleksandr\documents\github\diehard\gsl\1.8\gsl-1.8\vc8\libgsl\release-dll\rk2.obj
c:\users\aleksandr\documents\github\diehard\gsl\1.8\gsl-1.8\vc8\libgsl\release-dll\gear2.obj
c:\users\aleksandr\documents\github\diehard\gsl\1.8\gsl-1.8\vc8\libgsl\release-dll\gear1.obj
c:\users\aleksandr\documents\github\diehard\gsl\1.8\gsl-1.8\vc8\libgsl\release-dll\evolve.obj
c:\users\aleksandr\documents\github\diehard\gsl\1.8\gsl-1.8\vc8\libgsl\release-dll\cstd.obj
c:\users\aleksandr\documents\github\diehard\gsl\1.8\gsl-1.8\vc8\libgsl\release-dll\cscal.obj
c:\users\aleksandr\documents\github\diehard\gsl\1.8\gsl-1.8\vc8\libgsl\release-dll\control.obj
c:\users\aleksandr\documents\github\diehard\gsl\1.8\gsl-1.8\vc8\libgsl\release-dll\bsimp.obj
c:\users\aleksandr\documents\github\diehard\gsl\1.8\gsl-1.8\vc8\libgsl\release-dll\ntuple.obj
c:\users\aleksandr\documents\github\diehard\gsl\1.8\gsl-1.8\vc8\libgsl\release-dll\newton.obj
c:\users\aleksandr\documents\github\diehard\gsl\1.8\gsl-1.8\vc8\libgsl\release-dll\hybridj.obj
c:\users\aleksandr\documents\github\diehard\gsl\1.8\gsl-1.8\vc8\libgsl\release-dll\hybrid.obj
c:\users\aleksandr\documents\github\diehard\gsl\1.8\gsl-1.8\vc8\libgsl\release-dll\gnewton.obj
c:\users\aleksandr\documents\github\diehard\gsl\1.8\gsl-1.8\vc8\libgsl\release-dll\fdjac.obj
c:\users\aleksandr\documents\github\diehard\gsl\1.8\gsl-1.8\vc8\libgsl\release-dll\dirichlet.obj
c:\users\aleksandr\documents\github\diehard\gsl\1.8\gsl-1.8\vc8\libgsl\release-dll\binomial_tpe.obj
c:\users\aleksandr\documents\github\diehard\gsl\1.8\gsl-1.8\vc8\libgsl\release-dll\binomial.obj
c:\users\aleksandr\documents\github\diehard\gsl\1.8\gsl-1.8\vc8\libgsl\release-dll\bigauss.obj
c:\users\aleksandr\documents\github\diehard\gsl\1.8\gsl-1.8\vc8\libgsl\release-dll\bernoulli.obj
c:\users\aleksandr\documents\github\diehard\gsl\1.8\gsl-1.8\vc8\libgsl\release-dll\sobol.obj
c:\users\aleksandr\documents\github\diehard\gsl\1.8\gsl-1.8\vc8\libgsl\release-dll\qrng.obj
c:\users\aleksandr\documents\github\diehard\gsl\1.8\gsl-1.8\vc8\libgsl\release-dll\niederreiter-2.obj
c:\users\aleksandr\documents\github\diehard\gsl\1.8\gsl-1.8\vc8\libgsl\release-dll\zsolve_quadratic.obj
c:\users\aleksandr\documents\github\diehard\gsl\1.8\gsl-1.8\vc8\libgsl\release-dll\zsolve_init.obj
c:\users\aleksandr\documents\github\diehard\gsl\1.8\gsl-1.8\vc8\libgsl\release-dll\zsolve_cubic.obj
c:\users\aleksandr\documents\github\diehard\gsl\1.8\gsl-1.8\vc8\libgsl\release-dll\zsolve.obj
c:\users\aleksandr\documents\github\diehard\gsl\1.8\gsl-1.8\vc8\libgsl\release-dll\solve_quadratic.obj
c:\users\aleksandr\documents\github\diehard\gsl\1.8\gsl-1.8\vc8\libgsl\release-dll\solve_cubic.obj
c:\users\aleksandr\documents\github\diehard\gsl\1.8\gsl-1.8\vc8\libgsl\release-dll\dd.obj
c:\users\aleksandr\documents\github\diehard\gsl\1.8\gsl-1.8\vc8\libgsl\release-dll\permute.obj
c:\users\aleksandr\documents\github\diehard\gsl\1.8\gsl-1.8\vc8\libgsl\release-dll\permutation.obj
c:\users\aleksandr\documents\github\diehard\gsl\1.8\gsl-1.8\vc8\libgsl\release-dll\canonical.obj
c:\users\aleksandr\documents\github\diehard\gsl\1.8\gsl-1.8\vc8\libgsl\release-dll\step.obj
c:\users\aleksandr\documents\github\diehard\gsl\1.8\gsl-1.8\vc8\libgsl\release-dll\rkf45.obj
c:\users\aleksandr\documents\github\diehard\gsl\1.8\gsl-1.8\vc8\libgsl\release-dll\fishman18.obj
c:\users\aleksandr\documents\github\diehard\gsl\1.8\gsl-1.8\vc8\libgsl\release-dll\default.obj
c:\users\aleksandr\documents\github\diehard\gsl\1.8\gsl-1.8\vc8\libgsl\release-dll\coveyou.obj
c:\users\aleksandr\documents\github\diehard\gsl\1.8\gsl-1.8\vc8\libgsl\release-dll\cmrg.obj
c:\users\aleksandr\documents\github\diehard\gsl\1.8\gsl-1.8\vc8\libgsl\release-dll\borosh13.obj
c:\users\aleksandr\documents\github\diehard\gsl\1.8\gsl-1.8\vc8\libgsl\release-dll\sphere.obj
c:\users\aleksandr\documents\github\diehard\gsl\1.8\gsl-1.8\vc8\libgsl\release-dll\shuffle.obj
c:\users\aleksandr\documents\github\diehard\gsl\1.8\gsl-1.8\vc8\libgsl\release-dll\poisson.obj
c:\users\aleksandr\documents\github\diehard\gsl\1.8\gsl-1.8\vc8\libgsl\release-dll\pascal.obj
c:\users\aleksandr\documents\github\diehard\gsl\1.8\gsl-1.8\vc8\libgsl\release-dll\nbinomial.obj
c:\users\aleksandr\documents\github\diehard\gsl\1.8\gsl-1.8\vc8\libgsl\release-dll\multinomial.obj
c:\users\aleksandr\documents\github\diehard\gsl\1.8\gsl-1.8\vc8\libgsl\release-dll\logarithmic.obj
c:\users\aleksandr\documents\github\diehard\gsl\1.8\gsl-1.8\vc8\libgsl\release-dll\levy.obj
c:\users\aleksandr\documents\github\diehard\gsl\1.8\gsl-1.8\vc8\libgsl\release-dll\landau.obj
c:\users\aleksandr\documents\github\diehard\gsl\1.8\gsl-1.8\vc8\libgsl\release-dll\gumbel.obj
c:\users\aleksandr\documents\github\diehard\gsl\1.8\gsl-1.8\vc8\libgsl\release-dll\geometric.obj
c:\users\aleksandr\documents\github\diehard\gsl\1.8\gsl-1.8\vc8\libgsl\release-dll\gausszig.obj
c:\users\aleksandr\documents\github\diehard\gsl\1.8\gsl-1.8\vc8\libgsl\release-dll\gausstail.obj
c:\users\aleksandr\documents\github\diehard\gsl\1.8\gsl-1.8\vc8\libgsl\release-dll\erlang.obj
c:\users\aleksandr\documents\github\diehard\gsl\1.8\gsl-1.8\vc8\libgsl\release-dll\discrete.obj
c:\users\aleksandr\documents\github\diehard\gsl\1.8\gsl-1.8\vc8\libgsl\release-dll\ranlux.obj
c:\users\aleksandr\documents\github\diehard\gsl\1.8\gsl-1.8\vc8\libgsl\release-dll\ranf.obj
c:\users\aleksandr\documents\github\diehard\gsl\1.8\gsl-1.8\vc8\libgsl\release-dll\randu.obj
c:\users\aleksandr\documents\github\diehard\gsl\1.8\gsl-1.8\vc8\libgsl\release-dll\random.obj
c:\users\aleksandr\documents\github\diehard\gsl\1.8\gsl-1.8\vc8\libgsl\release-dll\rand48.obj
c:\users\aleksandr\documents\github\diehard\gsl\1.8\gsl-1.8\vc8\libgsl\release-dll\rand.obj
c:\users\aleksandr\documents\github\diehard\gsl\1.8\gsl-1.8\vc8\libgsl\release-dll\ran3.obj
c:\users\aleksandr\documents\github\diehard\gsl\1.8\gsl-1.8\vc8\libgsl\release-dll\ran2.obj
c:\users\aleksandr\documents\github\diehard\gsl\1.8\gsl-1.8\vc8\libgsl\release-dll\ran1.obj
c:\users\aleksandr\documents\github\diehard\gsl\1.8\gsl-1.8\vc8\libgsl\release-dll\ran0.obj
c:\users\aleksandr\documents\github\diehard\gsl\1.8\gsl-1.8\vc8\libgsl\release-dll\r250.obj
c:\users\aleksandr\documents\github\diehard\gsl\1.8\gsl-1.8\vc8\libgsl\release-dll\mt.obj
c:\users\aleksandr\documents\github\diehard\gsl\1.8\gsl-1.8\vc8\libgsl\release-dll\mrg.obj
c:\users\aleksandr\documents\github\diehard\gsl\1.8\gsl-1.8\vc8\libgsl\release-dll\minstd.obj
c:\users\aleksandr\documents\github\diehard\gsl\1.8\gsl-1.8\vc8\libgsl\release-dll\lecuyer21.obj
c:\users\aleksandr\documents\github\diehard\gsl\1.8\gsl-1.8\vc8\libgsl\release-dll\knuthran2.obj
c:\users\aleksandr\documents\github\diehard\gsl\1.8\gsl-1.8\vc8\libgsl\release-dll\knuthran.obj
c:\users\aleksandr\documents\github\diehard\gsl\1.8\gsl-1.8\vc8\libgsl\release-dll\gfsr4.obj
c:\users\aleksandr\documents\github\diehard\gsl\1.8\gsl-1.8\vc8\libgsl\release-dll\fishman2x.obj
c:\users\aleksandr\documents\github\diehard\gsl\1.8\gsl-1.8\vc8\libgsl\release-dll\fishman20.obj
c:\users\aleksandr\documents\github\diehard\gsl\1.8\gsl-1.8\vc8\libgsl\release-dll\siman.obj
c:\users\aleksandr\documents\github\diehard\gsl\1.8\gsl-1.8\vc8\libgsl\release-dll\steffenson.obj
c:\users\aleksandr\documents\github\diehard\gsl\1.8\gsl-1.8\vc8\libgsl\release-dll\secant.obj
c:\users\aleksandr\documents\github\diehard\gsl\1.8\gsl-1.8\vc8\libgsl\release-dll\falsepos.obj
c:\users\aleksandr\documents\github\diehard\gsl\1.8\gsl-1.8\vc8\libgsl\release-dll\bisection.obj
c:\users\aleksandr\documents\github\diehard\gsl\1.8\gsl-1.8\vc8\libgsl\release-dll\zuf.obj
c:\users\aleksandr\documents\github\diehard\gsl\1.8\gsl-1.8\vc8\libgsl\release-dll\waterman14.obj
c:\users\aleksandr\documents\github\diehard\gsl\1.8\gsl-1.8\vc8\libgsl\release-dll\vax.obj
c:\users\aleksandr\documents\github\diehard\gsl\1.8\gsl-1.8\vc8\libgsl\release-dll\uni32.obj
c:\users\aleksandr\documents\github\diehard\gsl\1.8\gsl-1.8\vc8\libgsl\release-dll\uni.obj
c:\users\aleksandr\documents\github\diehard\gsl\1.8\gsl-1.8\vc8\libgsl\release-dll\types.obj
c:\users\aleksandr\documents\github\diehard\gsl\1.8\gsl-1.8\vc8\libgsl\release-dll\tt.obj
c:\users\aleksandr\documents\github\diehard\gsl\1.8\gsl-1.8\vc8\libgsl\release-dll\transputer.obj
c:\users\aleksandr\documents\github\diehard\gsl\1.8\gsl-1.8\vc8\libgsl\release-dll\taus113.obj
c:\users\aleksandr\documents\github\diehard\gsl\1.8\gsl-1.8\vc8\libgsl\release-dll\taus.obj
c:\users\aleksandr\documents\github\diehard\gsl\1.8\gsl-1.8\vc8\libgsl\release-dll\slatec.obj
c:\users\aleksandr\documents\github\diehard\gsl\1.8\gsl-1.8\vc8\libgsl\release-dll\rng.obj
c:\users\aleksandr\documents\github\diehard\gsl\1.8\gsl-1.8\vc8\libgsl\release-dll\ranmar.obj
c:\users\aleksandr\documents\github\diehard\gsl\1.8\gsl-1.8\vc8\libgsl\release-dll\ranlxs.obj
c:\users\aleksandr\documents\github\diehard\gsl\1.8\gsl-1.8\vc8\libgsl\release-dll\ranlxd.obj
c:\users\aleksandr\documents\github\diehard\gsl\1.8\gsl-1.8\vc8\libgsl\release-dll\bessel_jn.obj
c:\users\aleksandr\documents\github\diehard\gsl\1.8\gsl-1.8\vc8\libgsl\release-dll\bessel_j1.obj
c:\users\aleksandr\documents\github\diehard\gsl\1.8\gsl-1.8\vc8\libgsl\release-dll\bessel_j0.obj
c:\users\aleksandr\documents\github\diehard\gsl\1.8\gsl-1.8\vc8\libgsl\release-dll\bessel_j.obj
c:\users\aleksandr\documents\github\diehard\gsl\1.8\gsl-1.8\vc8\libgsl\release-dll\bessel_inu.obj
c:\users\aleksandr\documents\github\diehard\gsl\1.8\gsl-1.8\vc8\libgsl\release-dll\bessel_in.obj
c:\users\aleksandr\documents\github\diehard\gsl\1.8\gsl-1.8\vc8\libgsl\release-dll\bessel_i1.obj
c:\users\aleksandr\documents\github\diehard\gsl\1.8\gsl-1.8\vc8\libgsl\release-dll\bessel_i0.obj
c:\users\aleksandr\documents\github\diehard\gsl\1.8\gsl-1.8\vc8\libgsl\release-dll\bessel_i.obj
c:\users\aleksandr\documents\github\diehard\gsl\1.8\gsl-1.8\vc8\libgsl\release-dll\bessel_amp_phase.obj
c:\users\aleksandr\documents\github\diehard\gsl\1.8\gsl-1.8\vc8\libgsl\release-dll\bessel.obj
c:\users\aleksandr\documents\github\diehard\gsl\1.8\gsl-1.8\vc8\libgsl\release-dll\atanint.obj
c:\users\aleksandr\documents\github\diehard\gsl\1.8\gsl-1.8\vc8\libgsl\release-dll\airy_zero.obj
c:\users\aleksandr\documents\github\diehard\gsl\1.8\gsl-1.8\vc8\libgsl\release-dll\airy_der.obj
c:\users\aleksandr\documents\github\diehard\gsl\1.8\gsl-1.8\vc8\libgsl\release-dll\airy.obj
c:\users\aleksandr\documents\github\diehard\gsl\1.8\gsl-1.8\vc8\libgsl\release-dll\subsetind.obj
c:\users\aleksandr\documents\github\diehard\gsl\1.8\gsl-1.8\vc8\libgsl\release-dll\subset.obj
c:\users\aleksandr\documents\github\diehard\gsl\1.8\gsl-1.8\vc8\libgsl\release-dll\sortvecind.obj
c:\users\aleksandr\documents\github\diehard\gsl\1.8\gsl-1.8\vc8\libgsl\release-dll\sortvec.obj
c:\users\aleksandr\documents\github\diehard\gsl\1.8\gsl-1.8\vc8\libgsl\release-dll\sortind.obj
c:\users\aleksandr\documents\github\diehard\gsl\1.8\gsl-1.8\vc8\libgsl\release-dll\coupling.obj
c:\users\aleksandr\documents\github\diehard\gsl\1.8\gsl-1.8\vc8\libgsl\release-dll\coulomb_bound.obj
c:\users\aleksandr\documents\github\diehard\gsl\1.8\gsl-1.8\vc8\libgsl\release-dll\coulomb.obj
c:\users\aleksandr\documents\github\diehard\gsl\1.8\gsl-1.8\vc8\libgsl\release-dll\clausen.obj
c:\users\aleksandr\documents\github\diehard\gsl\1.8\gsl-1.8\vc8\libgsl\release-dll\beta_inc.obj
c:\users\aleksandr\documents\github\diehard\gsl\1.8\gsl-1.8\vc8\libgsl\release-dll\bessel_zero.obj
c:\users\aleksandr\documents\github\diehard\gsl\1.8\gsl-1.8\vc8\libgsl\release-dll\bessel_ynu.obj
c:\users\aleksandr\documents\github\diehard\gsl\1.8\gsl-1.8\vc8\libgsl\release-dll\bessel_yn.obj
c:\users\aleksandr\documents\github\diehard\gsl\1.8\gsl-1.8\vc8\libgsl\release-dll\bessel_y1.obj
c:\users\aleksandr\documents\github\diehard\gsl\1.8\gsl-1.8\vc8\libgsl\release-dll\bessel_y0.obj
c:\users\aleksandr\documents\github\diehard\gsl\1.8\gsl-1.8\vc8\libgsl\release-dll\bessel_y.obj
c:\users\aleksandr\documents\github\diehard\gsl\1.8\gsl-1.8\vc8\libgsl\release-dll\bessel_temme.obj
c:\users\aleksandr\documents\github\diehard\gsl\1.8\gsl-1.8\vc8\libgsl\release-dll\bessel_sequence.obj
c:\users\aleksandr\documents\github\diehard\gsl\1.8\gsl-1.8\vc8\libgsl\release-dll\bessel_olver.obj
c:\users\aleksandr\documents\github\diehard\gsl\1.8\gsl-1.8\vc8\libgsl\release-dll\bessel_knu.obj
c:\users\aleksandr\documents\github\diehard\gsl\1.8\gsl-1.8\vc8\libgsl\release-dll\bessel_kn.obj
c:\users\aleksandr\documents\github\diehard\gsl\1.8\gsl-1.8\vc8\libgsl\release-dll\bessel_k1.obj
c:\users\aleksandr\documents\github\diehard\gsl\1.8\gsl-1.8\vc8\libgsl\release-dll\bessel_k0.obj
c:\users\aleksandr\documents\github\diehard\gsl\1.8\gsl-1.8\vc8\libgsl\release-dll\bessel_k.obj
c:\users\aleksandr\documents\github\diehard\gsl\1.8\gsl-1.8\vc8\libgsl\release-dll\bessel_jnu.obj
c:\users\aleksandr\documents\github\diehard\gsl\1.8\gsl-1.8\vc8\libgsl\release-dll\laguerre.obj
c:\users\aleksandr\documents\github\diehard\gsl\1.8\gsl-1.8\vc8\libgsl\release-dll\hyperg_u.obj
c:\users\aleksandr\documents\github\diehard\gsl\1.8\gsl-1.8\vc8\libgsl\release-dll\hyperg_2f1.obj
c:\users\aleksandr\documents\github\diehard\gsl\1.8\gsl-1.8\vc8\libgsl\release-dll\hyperg_2f0.obj
c:\users\aleksandr\documents\github\diehard\gsl\1.8\gsl-1.8\vc8\libgsl\release-dll\hyperg_1f1.obj
c:\users\aleksandr\documents\github\diehard\gsl\1.8\gsl-1.8\vc8\libgsl\release-dll\hyperg_0f1.obj
c:\users\aleksandr\documents\github\diehard\gsl\1.8\gsl-1.8\vc8\libgsl\release-dll\hyperg.obj
c:\users\aleksandr\documents\github\diehard\gsl\1.8\gsl-1.8\vc8\libgsl\release-dll\gegenbauer.obj
c:\users\aleksandr\documents\github\diehard\gsl\1.8\gsl-1.8\vc8\libgsl\release-dll\gamma_inc.obj
c:\users\aleksandr\documents\github\diehard\gsl\1.8\gsl-1.8\vc8\libgsl\release-dll\fermi_dirac.obj
c:\users\aleksandr\documents\github\diehard\gsl\1.8\gsl-1.8\vc8\libgsl\release-dll\expint3.obj
c:\users\aleksandr\documents\github\diehard\gsl\1.8\gsl-1.8\vc8\libgsl\release-dll\expint.obj
c:\users\aleksandr\documents\github\diehard\gsl\1.8\gsl-1.8\vc8\libgsl\release-dll\exp.obj
c:\users\aleksandr\documents\github\diehard\gsl\1.8\gsl-1.8\vc8\libgsl\release-dll\erfc.obj
c:\users\aleksandr\documents\github\diehard\gsl\1.8\gsl-1.8\vc8\libgsl\release-dll\elljac.obj
c:\users\aleksandr\documents\github\diehard\gsl\1.8\gsl-1.8\vc8\libgsl\release-dll\ellint.obj
c:\users\aleksandr\documents\github\diehard\gsl\1.8\gsl-1.8\vc8\libgsl\release-dll\elementary.obj
c:\users\aleksandr\documents\github\diehard\gsl\1.8\gsl-1.8\vc8\libgsl\release-dll\dilog.obj
c:\users\aleksandr\documents\github\diehard\gsl\1.8\gsl-1.8\vc8\libgsl\release-dll\debye.obj
c:\users\aleksandr\documents\github\diehard\gsl\1.8\gsl-1.8\vc8\libgsl\release-dll\dawson.obj
c:\users\aleksandr\documents\github\diehard\gsl\1.8\gsl-1.8\vc8\libgsl\release-dll\mean.obj
c:\users\aleksandr\documents\github\diehard\gsl\1.8\gsl-1.8\vc8\libgsl\release-dll\lag1.obj
c:\users\aleksandr\documents\github\diehard\gsl\1.8\gsl-1.8\vc8\libgsl\release-dll\kurtosis.obj
c:\users\aleksandr\documents\github\diehard\gsl\1.8\gsl-1.8\vc8\libgsl\release-dll\covariance.obj
c:\users\aleksandr\documents\github\diehard\gsl\1.8\gsl-1.8\vc8\libgsl\release-dll\absdev.obj
c:\users\aleksandr\documents\github\diehard\gsl\1.8\gsl-1.8\vc8\libgsl\release-dll\zeta.obj
c:\users\aleksandr\documents\github\diehard\gsl\1.8\gsl-1.8\vc8\libgsl\release-dll\trig.obj
c:\users\aleksandr\documents\github\diehard\gsl\1.8\gsl-1.8\vc8\libgsl\release-dll\transport.obj
c:\users\aleksandr\documents\github\diehard\gsl\1.8\gsl-1.8\vc8\libgsl\release-dll\synchrotron.obj
c:\users\aleksandr\documents\github\diehard\gsl\1.8\gsl-1.8\vc8\libgsl\release-dll\sinint.obj
c:\users\aleksandr\documents\github\diehard\gsl\1.8\gsl-1.8\vc8\libgsl\release-dll\shint.obj
c:\users\aleksandr\documents\github\diehard\gsl\1.8\gsl-1.8\vc8\libgsl\release-dll\result.obj
c:\users\aleksandr\documents\github\diehard\gsl\1.8\gsl-1.8\vc8\libgsl\release-dll\psi.obj
c:\users\aleksandr\documents\github\diehard\gsl\1.8\gsl-1.8\vc8\libgsl\release-dll\poch.obj
c:\users\aleksandr\documents\github\diehard\gsl\1.8\gsl-1.8\vc8\libgsl\release-dll\log.obj
c:\users\aleksandr\documents\github\diehard\gsl\1.8\gsl-1.8\vc8\libgsl\release-dll\legendre_qn.obj
c:\users\aleksandr\documents\github\diehard\gsl\1.8\gsl-1.8\vc8\libgsl\release-dll\legendre_poly.obj
c:\users\aleksandr\documents\github\diehard\gsl\1.8\gsl-1.8\vc8\libgsl\release-dll\legendre_h3d.obj
c:\users\aleksandr\documents\github\diehard\gsl\1.8\gsl-1.8\vc8\libgsl\release-dll\legendre_con.obj
c:\users\aleksandr\documents\github\diehard\gsl\1.8\gsl-1.8\vc8\libgsl\release-dll\lambert.obj
c:\users\aleksandr\documents\github\diehard\gsl\1.8\gsl-1.8\vc8\libgsl\release-dll\hypot.obj
c:\users\aleksandr\documents\github\diehard\gsl\1.8\gsl-1.8\vc8\libgsl\release-dll\fdiv.obj
c:\users\aleksandr\documents\github\diehard\gsl\1.8\gsl-1.8\vc8\libgsl\release-dll\fcmp.obj
c:\users\aleksandr\documents\github\diehard\gsl\1.8\gsl-1.8\vc8\libgsl\release-dll\expm1.obj
c:\users\aleksandr\documents\github\diehard\gsl\1.8\gsl-1.8\vc8\libgsl\release-dll\coerce.obj
c:\users\aleksandr\documents\github\diehard\gsl\1.8\gsl-1.8\vc8\libgsl\release-dll\work_utrunc.obj
c:\users\aleksandr\documents\github\diehard\gsl\1.8\gsl-1.8\vc8\libgsl\release-dll\work_u.obj
c:\users\aleksandr\documents\github\diehard\gsl\1.8\gsl-1.8\vc8\libgsl\release-dll\levin_utrunc.obj
c:\users\aleksandr\documents\github\diehard\gsl\1.8\gsl-1.8\vc8\libgsl\release-dll\levin_u.obj
c:\users\aleksandr\documents\github\diehard\gsl\1.8\gsl-1.8\vc8\libgsl\release-dll\wvariance.obj
c:\users\aleksandr\documents\github\diehard\gsl\1.8\gsl-1.8\vc8\libgsl\release-dll\wskew.obj
c:\users\aleksandr\documents\github\diehard\gsl\1.8\gsl-1.8\vc8\libgsl\release-dll\wmean.obj
c:\users\aleksandr\documents\github\diehard\gsl\1.8\gsl-1.8\vc8\libgsl\release-dll\wkurtosis.obj
c:\users\aleksandr\documents\github\diehard\gsl\1.8\gsl-1.8\vc8\libgsl\release-dll\wabsdev.obj
c:\users\aleksandr\documents\github\diehard\gsl\1.8\gsl-1.8\vc8\libgsl\release-dll\variance.obj
c:\users\aleksandr\documents\github\diehard\gsl\1.8\gsl-1.8\vc8\libgsl\release-dll\ttest.obj
c:\users\aleksandr\documents\github\diehard\gsl\1.8\gsl-1.8\vc8\libgsl\release-dll\skew.obj
c:\users\aleksandr\documents\github\diehard\gsl\1.8\gsl-1.8\vc8\libgsl\release-dll\quantiles.obj
c:\users\aleksandr\documents\github\diehard\gsl\1.8\gsl-1.8\vc8\libgsl\release-dll\p_variance.obj
c:\users\aleksandr\documents\github\diehard\gsl\1.8\gsl-1.8\vc8\libgsl\release-dll\median.obj
c:\users\aleksandr\documents\github\diehard\gsl\1.8\gsl-1.8\vc8\libgsl\release-dll\wavelet.obj
c:\users\aleksandr\documents\github\diehard\gsl\1.8\gsl-1.8\vc8\libgsl\release-dll\haar.obj
c:\users\aleksandr\documents\github\diehard\gsl\1.8\gsl-1.8\vc8\libgsl\release-dll\dwt.obj
c:\users\aleksandr\documents\github\diehard\gsl\1.8\gsl-1.8\vc8\libgsl\release-dll\daubechies.obj
c:\users\aleksandr\documents\github\diehard\gsl\1.8\gsl-1.8\vc8\libgsl\release-dll\bspline.obj
c:\users\aleksandr\documents\github\diehard\gsl\1.8\gsl-1.8\vc8\libgsl\release-dll\vector.obj
c:\users\aleksandr\documents\github\diehard\gsl\1.8\gsl-1.8\vc8\libgsl\release-dll\subvector.obj
c:\users\aleksandr\documents\github\diehard\gsl\1.8\gsl-1.8\vc8\libgsl\release-dll\reim.obj
c:\users\aleksandr\documents\github\diehard\gsl\1.8\gsl-1.8\vc8\libgsl\release-dll\placeholder.obj
c:\users\aleksandr\documents\github\diehard\gsl\1.8\gsl-1.8\vc8\libgsl\release-dll\results.obj
c:\users\aleksandr\documents\github\diehard\gsl\1.8\gsl-1.8\vc8\libgsl\release-dll\prec.obj
c:\users\aleksandr\documents\github\diehard\gsl\1.8\gsl-1.8\vc8\libgsl\release-dll\pow_int.obj
c:\users\aleksandr\documents\github\diehard\gsl\1.8\gsl-1.8\vc8\libgsl\release-dll\log1p.obj
c:\users\aleksandr\documents\github\diehard\gsl\1.8\gsl-1.8\vc8\libgsl\release-dll\ldfrexp.obj
c:\users\aleksandr\documents\github\diehard\gsl\1.8\gsl-1.8\vc8\libgsl\release-dll\invhyp.obj
c:\users\aleksandr\documents\github\diehard\gsl\1.8\gsl-1.8\vc8\libgsl\release-dll\infnan.obj
c:\users\aleksandr\documents\github\diehard\gsl\1.8\gsl-1.8\vc8\libgsl\release-dll\binomial1.obj
c:\users\aleksandr\documents\github\diehard\gsl\1.8\gsl-1.8\vc8\libgsl\release-dll\geometric1.obj
c:\users\aleksandr\documents\github\diehard\gsl\1.8\gsl-1.8\vc8\libgsl\release-dll\nbinomial1.obj
c:\users\aleksandr\documents\github\diehard\gsl\1.8\gsl-1.8\vc8\libgsl\release-dll\pascal1.obj
c:\users\aleksandr\documents\github\diehard\gsl\1.8\gsl-1.8\vc8\libgsl\release-dll\poisson1.obj
c:\users\aleksandr\documents\github\diehard\gsl\1.8\gsl-1.8\vc8\libgsl\release-dll\init2.obj
c:\users\aleksandr\documents\github\diehard\gsl\1.8\gsl-1.8\vc8\libgsl\release-dll\file1.obj
c:\users\aleksandr\documents\github\diehard\gsl\1.8\gsl-1.8\vc8\libgsl\release-dll\init1.obj
c:\users\aleksandr\documents\github\diehard\gsl\1.8\gsl-1.8\vc8\libgsl\release-dll\deriv1.obj
c:\users\aleksandr\documents\github\diehard\gsl\1.8\gsl-1.8\vc8\libgsl\release-dll\file2.obj
c:\users\aleksandr\documents\github\diehard\gsl\1.8\gsl-1.8\vc8\libgsl\release-dll\init3.obj
c:\users\aleksandr\documents\github\diehard\gsl\1.8\gsl-1.8\vc8\libgsl\release-dll\linear1.obj
c:\users\aleksandr\documents\github\diehard\gsl\1.8\gsl-1.8\vc8\libgsl\release-dll\exponential2.obj
c:\users\aleksandr\documents\github\diehard\gsl\1.8\gsl-1.8\vc8\libgsl\release-dll\copy1.obj
c:\users\aleksandr\documents\github\diehard\gsl\1.8\gsl-1.8\vc8\libgsl\release-dll\file3.obj
c:\users\aleksandr\documents\github\diehard\gsl\1.8\gsl-1.8\vc8\libgsl\release-dll\init4.obj
c:\users\aleksandr\documents\github\diehard\gsl\1.8\gsl-1.8\vc8\libgsl\release-dll\minmax1.obj
c:\users\aleksandr\documents\github\diehard\gsl\1.8\gsl-1.8\vc8\libgsl\release-dll\oper1.obj
c:\users\aleksandr\documents\github\diehard\gsl\1.8\gsl-1.8\vc8\libgsl\release-dll\convergence1.obj
c:\users\aleksandr\documents\github\diehard\gsl\1.8\gsl-1.8\vc8\libgsl\release-dll\fsolver1.obj
c:\users\aleksandr\documents\github\diehard\gsl\1.8\gsl-1.8\vc8\libgsl\release-dll\convergence2.obj
c:\users\aleksandr\documents\github\diehard\gsl\1.8\gsl-1.8\vc8\libgsl\release-dll\diff1.obj
c:\users\aleksandr\documents\github\diehard\gsl\1.8\gsl-1.8\vc8\libgsl\release-dll\convergence3.obj
c:\users\aleksandr\documents\github\diehard\gsl\1.8\gsl-1.8\vc8\libgsl\release-dll\fdfsolver1.obj
c:\users\aleksandr\documents\github\diehard\gsl\1.8\gsl-1.8\vc8\libgsl\release-dll\fsolver2.obj
c:\users\aleksandr\documents\github\diehard\gsl\1.8\gsl-1.8\vc8\libgsl\release-dll\file5.obj
c:\users\aleksandr\documents\github\diehard\gsl\1.8\gsl-1.8\vc8\libgsl\release-dll\init6.obj
c:\users\aleksandr\documents\github\diehard\gsl\1.8\gsl-1.8\vc8\libgsl\release-dll\eval1.obj
c:\users\aleksandr\documents\github\diehard\gsl\1.8\gsl-1.8\vc8\libgsl\release-dll\beta2.obj
c:\users\aleksandr\documents\github\diehard\gsl\1.8\gsl-1.8\vc8\libgsl\release-dll\cauchy1.obj
c:\users\aleksandr\documents\github\diehard\gsl\1.8\gsl-1.8\vc8\libgsl\release-dll\chisq1.obj
c:\users\aleksandr\documents\github\diehard\gsl\1.8\gsl-1.8\vc8\libgsl\release-dll\exponential1.obj
c:\users\aleksandr\documents\github\diehard\gsl\1.8\gsl-1.8\vc8\libgsl\release-dll\exppow1.obj
c:\users\aleksandr\documents\github\diehard\gsl\1.8\gsl-1.8\vc8\libgsl\release-dll\fdist1.obj
c:\users\aleksandr\documents\github\diehard\gsl\1.8\gsl-1.8\vc8\libgsl\release-dll\flat1.obj
c:\users\aleksandr\documents\github\diehard\gsl\1.8\gsl-1.8\vc8\libgsl\release-dll\gamma2.obj
c:\users\aleksandr\documents\github\diehard\gsl\1.8\gsl-1.8\vc8\libgsl\release-dll\gauss1.obj
c:\users\aleksandr\documents\github\diehard\gsl\1.8\gsl-1.8\vc8\libgsl\release-dll\hyperg1.obj
c:\users\aleksandr\documents\github\diehard\gsl\1.8\gsl-1.8\vc8\libgsl\release-dll\laplace1.obj
c:\users\aleksandr\documents\github\diehard\gsl\1.8\gsl-1.8\vc8\libgsl\release-dll\logistic1.obj
c:\users\aleksandr\documents\github\diehard\gsl\1.8\gsl-1.8\vc8\libgsl\release-dll\lognormal1.obj
c:\users\aleksandr\documents\github\diehard\gsl\1.8\gsl-1.8\vc8\libgsl\release-dll\pareto1.obj
c:\users\aleksandr\documents\github\diehard\gsl\1.8\gsl-1.8\vc8\libgsl\release-dll\rayleigh1.obj
c:\users\aleksandr\documents\github\diehard\gsl\1.8\gsl-1.8\vc8\libgsl\release-dll\tdist1.obj
c:\users\aleksandr\documents\github\diehard\gsl\1.8\gsl-1.8\vc8\libgsl\release-dll\weibull1.obj
c:\users\aleksandr\documents\github\diehard\gsl\1.8\gsl-1.8\vc8\libgsl\release-dll\file6.obj
c:\users\aleksandr\documents\github\diehard\gsl\1.8\gsl-1.8\vc8\libgsl\release-dll\brent1.obj
c:\users\aleksandr\documents\github\diehard\gsl\1.8\gsl-1.8\vc8\libgsl\release-dll\convergence4.obj
c:\users\aleksandr\documents\github\diehard\gsl\1.8\gsl-1.8\vc8\libgsl\release-dll\fdfsolver2.obj
c:\users\aleksandr\documents\github\diehard\gsl\1.8\gsl-1.8\vc8\libgsl\release-dll\fsolver3.obj
c:\users\aleksandr\documents\github\diehard\gsl\1.8\gsl-1.8\vc8\libgsl\release-dll\newton1.obj
c:\users\aleksandr\documents\github\diehard\gsl\1.8\gsl-1.8\vc8\libgsl\release-dll\sort1.obj
c:\users\aleksandr\documents\github\diehard\gsl\1.8\gsl-1.8\vc8\libgsl\release-dll\beta1.obj
c:\users\aleksandr\documents\github\diehard\gsl\1.8\gsl-1.8\vc8\libgsl\release-dll\gamma1.obj
c:\users\aleksandr\documents\github\diehard\gsl\1.8\gsl-1.8\vc8\libgsl\release-dll\pow_int1.obj
c:\users\aleksandr\documents\github\diehard\gsl\1.8\gsl-1.8\vc8\libgsl\release-dll\minmax3.obj
c:\users\aleksandr\documents\github\diehard\gsl\1.8\gsl-1.8\vc8\libgsl\release-dll\minmax.obj
c:\users\aleksandr\documents\github\diehard\gsl\1.8\gsl-1.8\vc8\libgsl\release-dll\copy2.obj
c:\users\aleksandr\documents\github\diehard\gsl\1.8\gsl-1.8\vc8\libgsl\release-dll\file4.obj
c:\users\aleksandr\documents\github\diehard\gsl\1.8\gsl-1.8\vc8\libgsl\release-dll\init5.obj
c:\users\aleksandr\documents\github\diehard\gsl\1.8\gsl-1.8\vc8\libgsl\release-dll\minmax2.obj
c:\users\aleksandr\documents\github\diehard\gsl\1.8\gsl-1.8\vc8\libgsl\release-dll\oper2.obj
c:\users\aleksandr\documents\github\diehard\gsl\1.8\gsl-1.8\vc8\libgsl\release-dll\prop1.obj
c:\users\aleksandr\documents\github\diehard\gsl\1.8\gsl-1.8\vc8\libgsl\release-dll\swap1.obj
c:\users\aleksandr\documents\github\diehard\gsl\1.8\gsl-1.8\vc8\libgsl\release-dll\view1.obj
c:\users\aleksandr\documents\github\diehard\gsl\1.8\gsl-1.8\vc8\libgsl\release-dll\libgsl_dll.lib
c:\users\aleksandr\documents\github\diehard\gsl\1.8\gsl-1.8\vc8\libgsl\release-dll\libgsl_dll.exp
c:\users\aleksandr\documents\github\diehard\gsl\1.8\gsl-1.8\vc8\libgsl\release-dll\libgsl.dll
c:\users\aleksandr\documents\github\diehard\gsl\1.8\gsl-1.8\vc8\libgsl\release-dll\libgsl.tlog\cl.command.1.tlog
c:\users\aleksandr\documents\github\diehard\gsl\1.8\gsl-1.8\vc8\libgsl\release-dll\libgsl.tlog\cl.read.1.tlog
c:\users\aleksandr\documents\github\diehard\gsl\1.8\gsl-1.8\vc8\libgsl\release-dll\libgsl.tlog\cl.write.1.tlog
c:\users\aleksandr\documents\github\diehard\gsl\1.8\gsl-1.8\vc8\libgsl\release-dll\libgsl.tlog\libgsl.write.1u.tlog
c:\users\aleksandr\documents\github\diehard\gsl\1.8\gsl-1.8\vc8\libgsl\release-dll\libgsl.tlog\link.command.1.tlog
c:\users\aleksandr\documents\github\diehard\gsl\1.8\gsl-1.8\vc8\libgsl\release-dll\libgsl.tlog\link.read.1.tlog
c:\users\aleksandr\documents\github\diehard\gsl\1.8\gsl-1.8\vc8\libgsl\release-dll\libgsl.tlog\link.write.1.tlog
